[2022-08-30T20:28:50.364] [WARN] warnArchive - Estado: 404, Ruta consultada: /api/formProductos.js, Metodo GET
[2022-08-30T20:28:50.371] [WARN] warnArchive - Estado: 404, Ruta consultada: /socket.io/socket.io.js, Metodo GET
[2022-08-30T20:31:59.070] [WARN] warnArchive - Estado: 404, Ruta consultada: /api/formProductos.js, Metodo GET
[2022-08-30T20:32:05.001] [WARN] warnArchive - Estado: 404, Ruta consultada: /api/formProductos.js, Metodo GET
[2022-08-30T20:32:10.742] [WARN] warnArchive - Estado: 404, Ruta consultada: /api/formProductos.js, Metodo GET
[2022-08-30T20:32:12.410] [WARN] warnArchive - Estado: 404, Ruta consultada: /api/formProductos.js, Metodo GET
[2022-08-30T20:32:14.353] [WARN] warnArchive - Estado: 404, Ruta consultada: /api/formProductos.js, Metodo GET
[2022-08-30T20:32:48.150] [WARN] warnArchive - Estado: 404, Ruta consultada: /avatar/public/avatar/1661719606018-givi%20trekker%20dolomiti%2036%20lts.jpg, Metodo GET
[2022-08-30T20:32:52.970] [WARN] warnArchive - Estado: 404, Ruta consultada: /avatar/public/avatar/1661719606018-givi%20trekker%20dolomiti%2036%20lts.jpg, Metodo GET
[2022-09-24T09:41:27.477] [WARN] warnArchive - Estado: 404, Ruta consultada: /socket.io/?EIO=4&transport=polling&t=ODlX4--, Metodo GET
[2022-09-24T09:41:29.770] [WARN] warnArchive - Estado: 404, Ruta consultada: /socket.io/?EIO=4&transport=polling&t=ODlX5z9, Metodo GET
[2022-09-28T18:31:59.715] [WARN] warnArchive - Estado: 404, Ruta consultada: /favicon.ico, Metodo GET
[2022-09-28T18:32:00.402] [WARN] warnArchive - Estado: 404, Ruta consultada: /favicon.ico, Metodo GET
[2022-09-28T18:32:02.898] [WARN] warnArchive - Estado: 404, Ruta consultada: /favicon.ico, Metodo GET
[2022-09-28T18:32:03.777] [WARN] warnArchive - Estado: 404, Ruta consultada: /favicon.ico, Metodo GET
[2022-09-28T18:32:05.184] [WARN] warnArchive - Estado: 404, Ruta consultada: /api/undefined, Metodo GET
[2022-09-28T18:32:05.389] [WARN] warnArchive - Estado: 404, Ruta consultada: /favicon.ico, Metodo GET
[2022-09-28T18:32:06.835] [WARN] warnArchive - Estado: 404, Ruta consultada: /api/undefined, Metodo GET
[2022-09-28T18:32:06.944] [WARN] warnArchive - Estado: 404, Ruta consultada: /favicon.ico, Metodo GET
[2022-09-28T18:32:07.514] [WARN] warnArchive - Estado: 404, Ruta consultada: /favicon.ico, Metodo GET
[2022-09-28T18:32:08.849] [WARN] warnArchive - Estado: 404, Ruta consultada: /favicon.ico, Metodo GET
[2022-09-28T18:32:24.737] [WARN] warnArchive - Estado: 404, Ruta consultada: /favicon.ico, Metodo GET
[2022-09-28T18:32:27.506] [WARN] warnArchive - Estado: 404, Ruta consultada: /api/undefined, Metodo GET
[2022-09-28T18:32:27.623] [WARN] warnArchive - Estado: 404, Ruta consultada: /favicon.ico, Metodo GET
[2022-09-28T18:32:29.820] [WARN] warnArchive - Estado: 404, Ruta consultada: /api/undefined, Metodo GET
[2022-09-28T18:32:29.930] [WARN] warnArchive - Estado: 404, Ruta consultada: /favicon.ico, Metodo GET
[2022-09-28T18:32:34.667] [WARN] warnArchive - Estado: 404, Ruta consultada: /favicon.ico, Metodo GET
[2022-09-28T18:32:35.493] [WARN] warnArchive - Estado: 404, Ruta consultada: /favicon.ico, Metodo GET
[2022-09-28T18:32:36.079] [WARN] warnArchive - Estado: 404, Ruta consultada: /api/undefined, Metodo GET
[2022-09-28T18:32:36.194] [WARN] warnArchive - Estado: 404, Ruta consultada: /favicon.ico, Metodo GET
[2022-09-28T18:32:36.857] [WARN] warnArchive - Estado: 404, Ruta consultada: /favicon.ico, Metodo GET
[2022-09-28T18:32:38.609] [WARN] warnArchive - Estado: 404, Ruta consultada: /favicon.ico, Metodo GET
[2022-09-28T18:32:39.771] [WARN] warnArchive - Estado: 404, Ruta consultada: /api/undefined, Metodo GET
[2022-09-28T18:32:39.878] [WARN] warnArchive - Estado: 404, Ruta consultada: /favicon.ico, Metodo GET
[2022-09-28T18:32:41.902] [WARN] warnArchive - Estado: 404, Ruta consultada: /favicon.ico, Metodo GET
[2022-09-28T18:32:42.613] [WARN] warnArchive - Estado: 404, Ruta consultada: /favicon.ico, Metodo GET
[2022-09-28T18:32:43.279] [WARN] warnArchive - Estado: 404, Ruta consultada: /api/undefined, Metodo GET
[2022-09-28T18:32:43.429] [WARN] warnArchive - Estado: 404, Ruta consultada: /favicon.ico, Metodo GET
[2022-09-28T18:32:44.384] [WARN] warnArchive - Estado: 404, Ruta consultada: /api/undefined, Metodo GET
[2022-09-28T18:32:44.499] [WARN] warnArchive - Estado: 404, Ruta consultada: /favicon.ico, Metodo GET
[2022-09-28T18:32:45.168] [WARN] warnArchive - Estado: 404, Ruta consultada: /api/undefined, Metodo GET
[2022-09-28T18:32:45.277] [WARN] warnArchive - Estado: 404, Ruta consultada: /favicon.ico, Metodo GET
[2022-09-28T18:32:45.866] [WARN] warnArchive - Estado: 404, Ruta consultada: /favicon.ico, Metodo GET
[2022-09-28T18:32:47.149] [WARN] warnArchive - Estado: 404, Ruta consultada: /favicon.ico, Metodo GET
[2022-09-28T18:32:49.069] [WARN] warnArchive - Estado: 404, Ruta consultada: /favicon.ico, Metodo GET
[2022-09-28T18:33:23.015] [WARN] warnArchive - Estado: 404, Ruta consultada: /favicon.ico, Metodo GET
[2022-09-28T18:33:24.251] [WARN] warnArchive - Estado: 404, Ruta consultada: /favicon.ico, Metodo GET
[2022-09-28T18:33:25.901] [WARN] warnArchive - Estado: 404, Ruta consultada: /favicon.ico, Metodo GET
[2022-09-28T18:33:26.649] [WARN] warnArchive - Estado: 404, Ruta consultada: /api/undefined, Metodo GET
[2022-09-28T18:33:26.769] [WARN] warnArchive - Estado: 404, Ruta consultada: /favicon.ico, Metodo GET
[2022-09-28T18:33:28.636] [WARN] warnArchive - Estado: 404, Ruta consultada: /favicon.ico, Metodo GET
[2022-09-28T18:33:29.634] [WARN] warnArchive - Estado: 404, Ruta consultada: /favicon.ico, Metodo GET
[2022-10-11T18:22:35.745] [WARN] warnArchive - Estado: 404, Ruta consultada: /avatar/public/avatar/1661719606018-givi%20trekker%20dolomiti%2036%20lts.jpg, Metodo GET
[2022-10-11T20:47:13.512] [WARN] warnArchive - Estado: 404, Ruta consultada: /favicon.ico, Metodo GET
[2022-10-11T20:47:15.071] [WARN] warnArchive - Estado: 404, Ruta consultada: /graphql?query=%23%20Welcome%20to%20GraphiQL%0A%23%0A%23%20GraphiQL%20is%20an%20in-browser%20tool%20for%20writing%2C%20validating%2C%20and%0A%23%20testing%20GraphQL%20queries.%0A%23%0A%23%20Type%20queries%20into%20this%20side%20of%20the%20screen%2C%20and%20you%20will%20see%20intelligent%0A%23%20typeaheads%20aware%20of%20the%20current%20GraphQL%20type%20schema%20and%20live%20syntax%20and%0A%23%20validation%20errors%20highlighted%20within%20the%20text.%0A%23%0A%23%20GraphQL%20queries%20typically%20start%20with%20a%20%22%7B%22%20character.%20Lines%20that%20start%0A%23%20with%20a%20%23%20are%20ignored.%0A%23%0A%23%20An%20example%20GraphQL%20query%20might%20look%20like%3A%0A%23%0A%23%20%20%20%20%20%7B%0A%23%20%20%20%20%20%20%20field(arg%3A%20%22value%22)%20%7B%0A%23%20%20%20%20%20%20%20%20%20subField%0A%23%20%20%20%20%20%20%20%7D%0A%23%20%20%20%20%20%7D%0A%23%0A%23%20Keyboard%20shortcuts%3A%0A%23%0A%23%20%20Prettify%20Query%3A%20%20Shift-Ctrl-P%20(or%20press%20the%20prettify%20button%20above)%0A%23%0A%23%20%20%20%20%20Merge%20Query%3A%20%20Shift-Ctrl-M%20(or%20press%20the%20merge%20button%20above)%0A%23%0A%23%20%20%20%20%20%20%20Run%20Query%3A%20%20Ctrl-Enter%20(or%20press%20the%20play%20button%20above)%0A%23%0A%23%20%20%20Auto%20Complete%3A%20%20Ctrl-Space%20(or%20just%20start%20typing)%0A%23%0A%0A%0Aquery%20getProducts%7B%0A%0A%20%20getAllProducts%7B%0A%20%20%20%20id%0A%20%20%20%20nombre%0A%20%20%20%20stock%0A%20%20%7D%0A%7D%0A%0Aquery%20getProductByID%7B%0A%20%20getProductById%20(id%3A%22630bf1d635d9b41cf1b901a0%22)%7B%0A%20%20%20%20nombre%0A%20%20%20%20stock%0A%20%20%7D%0A%7D%0A%0Amutation%20updateProduct%7B%0A%20%20updateProductById(id%3A%22633849f99a829f834df23863%22%2C%20data%3A%7B%0A%20%20%20%20nombre%3A%20%22tuna%20desde%20graphql%22%2C%0A%20%20%20%20descripcion%3A%20%22modificada%20desde%20graphql%22%2C%0A%20%20%20%20codigo%3A%202%2C%0A%20%20%20%20thumbnail%3A%20%22URL%20desde%20graphql%22%2C%0A%20%20%20%20precio%3A%20333%2C%0A%20%20%20%20stock%3A%20999%0A%20%20%20%20%0A%20%20%7D)%7B%0A%20%20%20%20nombre%0A%20%20%20%20id%0A%20%20%7D%0A%7D%0A%0Amutation%20deleteProduct%7B%0A%20%20deleteProductById(id%3A%22633849f99a829f834df23863%22)%0A%7D&operationName=deleteProduct, Metodo GET
[2022-10-11T20:47:15.345] [WARN] warnArchive - Estado: 404, Ruta consultada: /favicon.ico, Metodo GET
[2022-10-11T20:53:17.881] [WARN] warnArchive - Estado: 404, Ruta consultada: /favicon.ico, Metodo GET
[2022-10-11T20:53:19.141] [WARN] warnArchive - Estado: 404, Ruta consultada: /favicon.ico, Metodo GET
[2022-10-11T20:53:21.563] [WARN] warnArchive - Estado: 404, Ruta consultada: /favicon.ico, Metodo GET
[2022-10-11T20:53:22.460] [WARN] warnArchive - Estado: 404, Ruta consultada: /avatar/public/avatar/1661719606018-givi%20trekker%20dolomiti%2036%20lts.jpg, Metodo GET
[2022-10-11T20:53:38.479] [WARN] warnArchive - Estado: 404, Ruta consultada: /favicon.ico, Metodo GET
[2022-10-11T20:53:58.087] [WARN] warnArchive - Estado: 404, Ruta consultada: /favicon.ico, Metodo GET
[2022-10-11T20:53:59.245] [WARN] warnArchive - Estado: 404, Ruta consultada: /chat.css, Metodo GET
[2022-10-11T20:53:59.555] [WARN] warnArchive - Estado: 404, Ruta consultada: /chat.js, Metodo GET
[2022-10-11T20:53:59.567] [WARN] warnArchive - Estado: 404, Ruta consultada: /socket.io/socket.io.js, Metodo GET
[2022-10-11T20:53:59.719] [WARN] warnArchive - Estado: 404, Ruta consultada: /favicon.ico, Metodo GET
[2022-10-11T20:54:11.348] [WARN] warnArchive - Estado: 404, Ruta consultada: /favicon.ico, Metodo GET
[2022-10-11T20:54:12.282] [WARN] warnArchive - Estado: 404, Ruta consultada: /favicon.ico, Metodo GET
[2022-10-11T20:55:03.870] [WARN] warnArchive - Estado: 404, Ruta consultada: /chat.css, Metodo GET
[2022-10-11T20:55:03.877] [WARN] warnArchive - Estado: 404, Ruta consultada: /socket.io/socket.io.js, Metodo GET
[2022-10-11T20:55:03.889] [WARN] warnArchive - Estado: 404, Ruta consultada: /chat.js, Metodo GET
[2022-10-11T20:55:04.062] [WARN] warnArchive - Estado: 404, Ruta consultada: /favicon.ico, Metodo GET
[2022-10-11T21:09:48.479] [WARN] warnArchive - Estado: 404, Ruta consultada: /socket.io/?EIO=4&transport=polling&t=OF9Xg33, Metodo GET
[2022-10-11T21:09:59.236] [WARN] warnArchive - Estado: 404, Ruta consultada: /chat.css, Metodo GET
[2022-10-11T21:09:59.719] [WARN] warnArchive - Estado: 404, Ruta consultada: /socket.io/socket.io.js, Metodo GET
[2022-10-11T21:09:59.746] [WARN] warnArchive - Estado: 404, Ruta consultada: /chat.js, Metodo GET
[2022-10-11T21:10:06.736] [WARN] warnArchive - Estado: 404, Ruta consultada: /chat.css, Metodo GET
[2022-10-11T21:10:06.745] [WARN] warnArchive - Estado: 404, Ruta consultada: /socket.io/socket.io.js, Metodo GET
[2022-10-11T21:10:06.749] [WARN] warnArchive - Estado: 404, Ruta consultada: /chat.js, Metodo GET
[2022-10-11T21:11:02.623] [WARN] warnArchive - Estado: 404, Ruta consultada: /chat.css, Metodo GET
[2022-10-11T21:11:02.629] [WARN] warnArchive - Estado: 404, Ruta consultada: /socket.io/socket.io.js, Metodo GET
[2022-10-11T21:11:02.633] [WARN] warnArchive - Estado: 404, Ruta consultada: /chat.js, Metodo GET
[2022-10-11T21:11:03.488] [WARN] warnArchive - Estado: 404, Ruta consultada: /avatar/public/avatar/1661719606018-givi%20trekker%20dolomiti%2036%20lts.jpg, Metodo GET
[2022-10-16T08:38:15.281] [WARN] warnArchive - Estado: 404, Ruta consultada: /favicon.ico, Metodo GET
[2022-10-16T08:38:16.847] [WARN] warnArchive - Estado: 404, Ruta consultada: /favicon.ico, Metodo GET
[2022-10-16T08:38:24.358] [WARN] warnArchive - Estado: 404, Ruta consultada: /favicon.ico, Metodo GET
[2022-10-16T08:38:55.969] [WARN] warnArchive - Estado: 404, Ruta consultada: /favicon.ico, Metodo GET
[2022-10-16T08:38:57.150] [WARN] warnArchive - Estado: 404, Ruta consultada: /favicon.ico, Metodo GET
[2022-10-16T08:38:58.948] [WARN] warnArchive - Estado: 404, Ruta consultada: /favicon.ico, Metodo GET
[2022-10-16T08:39:01.278] [WARN] warnArchive - Estado: 404, Ruta consultada: /favicon.ico, Metodo GET
[2022-10-16T08:39:03.896] [WARN] warnArchive - Estado: 404, Ruta consultada: /favicon.ico, Metodo GET
[2022-10-16T08:39:07.442] [WARN] warnArchive - Estado: 404, Ruta consultada: /chat.css, Metodo GET
[2022-10-16T08:39:07.707] [WARN] warnArchive - Estado: 404, Ruta consultada: /socket.io/socket.io.js, Metodo GET
[2022-10-16T08:39:07.721] [WARN] warnArchive - Estado: 404, Ruta consultada: /chat.js, Metodo GET
[2022-10-16T08:39:07.886] [WARN] warnArchive - Estado: 404, Ruta consultada: /favicon.ico, Metodo GET
[2022-10-16T08:41:14.446] [WARN] warnArchive - Estado: 404, Ruta consultada: /favicon.ico, Metodo GET
[2022-10-16T08:41:15.981] [WARN] warnArchive - Estado: 404, Ruta consultada: /favicon.ico, Metodo GET
[2022-10-16T08:41:17.803] [WARN] warnArchive - Estado: 404, Ruta consultada: /favicon.ico, Metodo GET
[2022-10-16T08:41:19.859] [WARN] warnArchive - Estado: 404, Ruta consultada: /socket.io/socket.io.js, Metodo GET
[2022-10-16T08:41:19.872] [WARN] warnArchive - Estado: 404, Ruta consultada: /chat.css, Metodo GET
[2022-10-16T08:41:20.161] [WARN] warnArchive - Estado: 404, Ruta consultada: /chat.js, Metodo GET
[2022-10-16T08:41:20.334] [WARN] warnArchive - Estado: 404, Ruta consultada: /favicon.ico, Metodo GET
[2022-10-16T08:46:07.257] [WARN] warnArchive - Estado: 404, Ruta consultada: /favicon.ico, Metodo GET
[2022-10-16T08:46:08.604] [WARN] warnArchive - Estado: 404, Ruta consultada: /favicon.ico, Metodo GET
[2022-10-16T08:46:10.028] [WARN] warnArchive - Estado: 404, Ruta consultada: /favicon.ico, Metodo GET
[2022-10-16T08:46:12.245] [WARN] warnArchive - Estado: 404, Ruta consultada: /avatar/public/avatar/1661719606018-givi%20trekker%20dolomiti%2036%20lts.jpg, Metodo GET
[2022-10-16T08:46:12.362] [WARN] warnArchive - Estado: 404, Ruta consultada: /favicon.ico, Metodo GET
[2022-10-16T08:46:13.493] [WARN] warnArchive - Estado: 404, Ruta consultada: /favicon.ico, Metodo GET
[2022-10-16T08:46:14.394] [WARN] warnArchive - Estado: 404, Ruta consultada: /favicon.ico, Metodo GET
[2022-10-16T08:46:23.721] [WARN] warnArchive - Estado: 404, Ruta consultada: /favicon.ico, Metodo GET
[2022-10-16T08:46:24.294] [WARN] warnArchive - Estado: 404, Ruta consultada: /chat.js, Metodo GET
[2022-10-16T08:46:24.299] [WARN] warnArchive - Estado: 404, Ruta consultada: /socket.io/socket.io.js, Metodo GET
[2022-10-16T08:46:24.305] [WARN] warnArchive - Estado: 404, Ruta consultada: /chat.css, Metodo GET
[2022-10-16T08:46:24.479] [WARN] warnArchive - Estado: 404, Ruta consultada: /favicon.ico, Metodo GET
[2022-10-16T08:48:28.375] [WARN] warnArchive - Estado: 404, Ruta consultada: /favicon.ico, Metodo GET
[2022-10-16T08:48:29.673] [WARN] warnArchive - Estado: 404, Ruta consultada: /favicon.ico, Metodo GET
[2022-10-16T08:48:31.611] [WARN] warnArchive - Estado: 404, Ruta consultada: /favicon.ico, Metodo GET
[2022-10-16T08:48:32.593] [WARN] warnArchive - Estado: 404, Ruta consultada: /chat.css, Metodo GET
[2022-10-16T08:48:32.813] [WARN] warnArchive - Estado: 404, Ruta consultada: /chat.js, Metodo GET
[2022-10-16T08:48:32.837] [WARN] warnArchive - Estado: 404, Ruta consultada: /socket.io/socket.io.js, Metodo GET
[2022-10-16T08:48:32.993] [WARN] warnArchive - Estado: 404, Ruta consultada: /favicon.ico, Metodo GET
[2022-10-16T08:49:57.737] [WARN] warnArchive - Estado: 404, Ruta consultada: /public/chat.css, Metodo GET
[2022-10-16T08:49:57.750] [WARN] warnArchive - Estado: 404, Ruta consultada: /socket.io/socket.io.js, Metodo GET
[2022-10-16T08:49:57.760] [WARN] warnArchive - Estado: 404, Ruta consultada: /public/chat.js, Metodo GET
[2022-10-16T08:49:57.926] [WARN] warnArchive - Estado: 404, Ruta consultada: /favicon.ico, Metodo GET
[2022-10-16T08:49:59.799] [WARN] warnArchive - Estado: 404, Ruta consultada: /favicon.ico, Metodo GET
[2022-10-16T08:50:00.465] [WARN] warnArchive - Estado: 404, Ruta consultada: /favicon.ico, Metodo GET
[2022-10-16T08:50:01.133] [WARN] warnArchive - Estado: 404, Ruta consultada: /socket.io/socket.io.js, Metodo GET
[2022-10-16T08:50:01.142] [WARN] warnArchive - Estado: 404, Ruta consultada: /public/chat.css, Metodo GET
[2022-10-16T08:50:01.147] [WARN] warnArchive - Estado: 404, Ruta consultada: /public/chat.js, Metodo GET
[2022-10-16T08:50:01.320] [WARN] warnArchive - Estado: 404, Ruta consultada: /favicon.ico, Metodo GET
[2022-10-16T08:50:02.372] [WARN] warnArchive - Estado: 404, Ruta consultada: /socket.io/socket.io.js, Metodo GET
[2022-10-16T08:50:02.380] [WARN] warnArchive - Estado: 404, Ruta consultada: /public/chat.js, Metodo GET
[2022-10-16T08:50:02.386] [WARN] warnArchive - Estado: 404, Ruta consultada: /public/chat.css, Metodo GET
[2022-10-16T08:50:02.549] [WARN] warnArchive - Estado: 404, Ruta consultada: /favicon.ico, Metodo GET
[2022-10-16T08:50:27.063] [WARN] warnArchive - Estado: 404, Ruta consultada: /favicon.ico, Metodo GET
[2022-10-16T08:50:27.969] [WARN] warnArchive - Estado: 404, Ruta consultada: /favicon.ico, Metodo GET
[2022-10-16T08:50:30.290] [WARN] warnArchive - Estado: 404, Ruta consultada: /socket.io/socket.io.js, Metodo GET
[2022-10-16T08:50:30.297] [WARN] warnArchive - Estado: 404, Ruta consultada: /public/chat.css, Metodo GET
[2022-10-16T08:50:30.304] [WARN] warnArchive - Estado: 404, Ruta consultada: /public/chat.js, Metodo GET
[2022-10-16T08:50:30.479] [WARN] warnArchive - Estado: 404, Ruta consultada: /favicon.ico, Metodo GET
[2022-10-16T08:51:37.735] [WARN] warnArchive - Estado: 404, Ruta consultada: /favicon.ico, Metodo GET
[2022-10-16T08:51:38.524] [WARN] warnArchive - Estado: 404, Ruta consultada: /public/chat.css, Metodo GET
[2022-10-16T08:51:38.790] [WARN] warnArchive - Estado: 404, Ruta consultada: /public/chat.js, Metodo GET
[2022-10-16T08:51:38.798] [WARN] warnArchive - Estado: 404, Ruta consultada: /socket.io/socket.io.js, Metodo GET
[2022-10-16T08:51:38.960] [WARN] warnArchive - Estado: 404, Ruta consultada: /favicon.ico, Metodo GET
[2022-10-16T08:57:09.382] [WARN] warnArchive - Estado: 404, Ruta consultada: /favicon.ico, Metodo GET
[2022-10-16T08:57:09.966] [WARN] warnArchive - Estado: 404, Ruta consultada: /favicon.ico, Metodo GET
[2022-10-16T08:57:12.259] [WARN] warnArchive - Estado: 404, Ruta consultada: /favicon.ico, Metodo GET
[2022-10-16T08:57:13.102] [WARN] warnArchive - Estado: 404, Ruta consultada: /chat/grupal, Metodo GET
[2022-10-16T08:57:13.266] [WARN] warnArchive - Estado: 404, Ruta consultada: /favicon.ico, Metodo GET
[2022-10-16T08:57:38.468] [WARN] warnArchive - Estado: 404, Ruta consultada: /favicon.ico, Metodo GET
[2022-10-16T08:57:40.837] [WARN] warnArchive - Estado: 404, Ruta consultada: /favicon.ico, Metodo GET
[2022-10-16T08:57:42.223] [WARN] warnArchive - Estado: 404, Ruta consultada: /favicon.ico, Metodo GET
[2022-10-16T08:57:43.611] [WARN] warnArchive - Estado: 404, Ruta consultada: /public/chat.css, Metodo GET
[2022-10-16T08:57:43.880] [WARN] warnArchive - Estado: 404, Ruta consultada: /socket.io/socket.io.js, Metodo GET
[2022-10-16T08:57:43.886] [WARN] warnArchive - Estado: 404, Ruta consultada: /public/chat.js, Metodo GET
[2022-10-16T08:57:44.046] [WARN] warnArchive - Estado: 404, Ruta consultada: /favicon.ico, Metodo GET
[2022-10-16T08:57:54.687] [WARN] warnArchive - Estado: 404, Ruta consultada: /favicon.ico, Metodo GET
[2022-10-16T08:57:55.694] [WARN] warnArchive - Estado: 404, Ruta consultada: /favicon.ico, Metodo GET
[2022-10-16T08:57:57.551] [WARN] warnArchive - Estado: 404, Ruta consultada: /favicon.ico, Metodo GET
[2022-10-16T08:57:58.951] [WARN] warnArchive - Estado: 404, Ruta consultada: /public/chat.css, Metodo GET
[2022-10-16T08:57:59.204] [WARN] warnArchive - Estado: 404, Ruta consultada: /public/chat.js, Metodo GET
[2022-10-16T08:57:59.211] [WARN] warnArchive - Estado: 404, Ruta consultada: /socket.io/socket.io.js, Metodo GET
[2022-10-16T08:57:59.371] [WARN] warnArchive - Estado: 404, Ruta consultada: /favicon.ico, Metodo GET
[2022-10-16T08:58:00.174] [WARN] warnArchive - Estado: 404, Ruta consultada: /favicon.ico, Metodo GET
[2022-10-16T09:05:22.320] [WARN] warnArchive - Estado: 404, Ruta consultada: /favicon.ico, Metodo GET
[2022-10-16T09:05:23.364] [WARN] warnArchive - Estado: 404, Ruta consultada: /favicon.ico, Metodo GET
[2022-10-16T09:05:25.035] [WARN] warnArchive - Estado: 404, Ruta consultada: /favicon.ico, Metodo GET
[2022-10-16T09:05:27.483] [WARN] warnArchive - Estado: 404, Ruta consultada: /favicon.ico, Metodo GET
[2022-10-16T09:05:28.151] [WARN] warnArchive - Estado: 404, Ruta consultada: /favicon.ico, Metodo GET
[2022-10-16T09:08:30.101] [WARN] warnArchive - Estado: 404, Ruta consultada: /favicon.ico, Metodo GET
[2022-10-16T09:08:30.882] [WARN] warnArchive - Estado: 404, Ruta consultada: /favicon.ico, Metodo GET
[2022-10-16T09:08:32.713] [WARN] warnArchive - Estado: 404, Ruta consultada: /favicon.ico, Metodo GET
[2022-10-16T09:08:34.614] [WARN] warnArchive - Estado: 404, Ruta consultada: /favicon.ico, Metodo GET
[2022-10-16T09:08:35.393] [WARN] warnArchive - Estado: 404, Ruta consultada: /favicon.ico, Metodo GET
[2022-10-16T09:20:38.917] [WARN] warnArchive - Estado: 404, Ruta consultada: /favicon.ico, Metodo GET
[2022-10-16T09:20:40.576] [WARN] warnArchive - Estado: 404, Ruta consultada: /favicon.ico, Metodo GET
[2022-10-16T09:20:42.069] [WARN] warnArchive - Estado: 404, Ruta consultada: /favicon.ico, Metodo GET
[2022-10-16T09:20:44.051] [WARN] warnArchive - Estado: 404, Ruta consultada: /favicon.ico, Metodo GET
[2022-10-16T09:21:57.735] [WARN] warnArchive - Estado: 404, Ruta consultada: /favicon.ico, Metodo GET
[2022-10-16T09:21:58.900] [WARN] warnArchive - Estado: 404, Ruta consultada: /favicon.ico, Metodo GET
[2022-10-16T09:22:00.188] [WARN] warnArchive - Estado: 404, Ruta consultada: /favicon.ico, Metodo GET
[2022-10-16T09:22:01.203] [WARN] warnArchive - Estado: 404, Ruta consultada: /socket.io/socket.io.js, Metodo GET
[2022-10-16T09:22:01.210] [WARN] warnArchive - Estado: 404, Ruta consultada: /public/chat.css, Metodo GET
[2022-10-16T09:22:01.678] [WARN] warnArchive - Estado: 404, Ruta consultada: /public/chat.js, Metodo GET
[2022-10-16T09:22:01.848] [WARN] warnArchive - Estado: 404, Ruta consultada: /favicon.ico, Metodo GET
[2022-10-16T09:22:03.330] [WARN] warnArchive - Estado: 404, Ruta consultada: /favicon.ico, Metodo GET
[2022-10-16T09:22:04.573] [WARN] warnArchive - Estado: 404, Ruta consultada: /socket.io/socket.io.js, Metodo GET
[2022-10-16T09:22:04.577] [WARN] warnArchive - Estado: 404, Ruta consultada: /public/chat.css, Metodo GET
[2022-10-16T09:22:04.857] [WARN] warnArchive - Estado: 404, Ruta consultada: /public/chat.js, Metodo GET
[2022-10-16T09:22:05.020] [WARN] warnArchive - Estado: 404, Ruta consultada: /favicon.ico, Metodo GET
[2022-10-16T10:11:16.114] [WARN] warnArchive - Estado: 404, Ruta consultada: /favicon.ico, Metodo GET
[2022-10-16T10:11:17.231] [WARN] warnArchive - Estado: 404, Ruta consultada: /favicon.ico, Metodo GET
[2022-10-16T10:11:18.438] [WARN] warnArchive - Estado: 404, Ruta consultada: /favicon.ico, Metodo GET
[2022-10-16T10:11:19.556] [WARN] warnArchive - Estado: 404, Ruta consultada: /favicon.ico, Metodo GET
[2022-10-16T10:11:21.477] [WARN] warnArchive - Estado: 404, Ruta consultada: /socket.io/socket.io.js, Metodo GET
[2022-10-16T10:11:21.486] [WARN] warnArchive - Estado: 404, Ruta consultada: /public/chat.css, Metodo GET
[2022-10-16T10:11:21.491] [WARN] warnArchive - Estado: 404, Ruta consultada: /public/chat.js, Metodo GET
[2022-10-16T10:11:21.662] [WARN] warnArchive - Estado: 404, Ruta consultada: /favicon.ico, Metodo GET
[2022-10-16T10:12:58.971] [WARN] warnArchive - Estado: 404, Ruta consultada: /socket.io/socket.io.js, Metodo GET
[2022-10-16T10:12:58.979] [WARN] warnArchive - Estado: 404, Ruta consultada: /public/chat.css, Metodo GET
[2022-10-16T10:12:58.989] [WARN] warnArchive - Estado: 404, Ruta consultada: /public/chat.js, Metodo GET
[2022-10-16T10:12:59.150] [WARN] warnArchive - Estado: 404, Ruta consultada: /favicon.ico, Metodo GET
[2022-10-16T10:13:00.460] [WARN] warnArchive - Estado: 404, Ruta consultada: /public/chat.css, Metodo GET
[2022-10-16T10:13:00.473] [WARN] warnArchive - Estado: 404, Ruta consultada: /public/chat.js, Metodo GET
[2022-10-16T10:13:00.480] [WARN] warnArchive - Estado: 404, Ruta consultada: /socket.io/socket.io.js, Metodo GET
[2022-10-16T10:13:00.644] [WARN] warnArchive - Estado: 404, Ruta consultada: /favicon.ico, Metodo GET
[2022-10-16T10:13:03.168] [WARN] warnArchive - Estado: 404, Ruta consultada: /socket.io/socket.io.js, Metodo GET
[2022-10-16T10:13:03.175] [WARN] warnArchive - Estado: 404, Ruta consultada: /public/chat.css, Metodo GET
[2022-10-16T10:13:03.181] [WARN] warnArchive - Estado: 404, Ruta consultada: /public/chat.js, Metodo GET
[2022-10-16T10:13:03.338] [WARN] warnArchive - Estado: 404, Ruta consultada: /favicon.ico, Metodo GET
[2022-10-16T10:13:10.900] [WARN] warnArchive - Estado: 404, Ruta consultada: /favicon.ico, Metodo GET
[2022-10-16T10:13:13.504] [WARN] warnArchive - Estado: 404, Ruta consultada: /public/chat.css, Metodo GET
[2022-10-16T10:13:13.512] [WARN] warnArchive - Estado: 404, Ruta consultada: /socket.io/socket.io.js, Metodo GET
[2022-10-16T10:13:13.519] [WARN] warnArchive - Estado: 404, Ruta consultada: /public/chat.js, Metodo GET
[2022-10-16T10:13:13.681] [WARN] warnArchive - Estado: 404, Ruta consultada: /favicon.ico, Metodo GET
[2022-10-16T10:13:30.120] [WARN] warnArchive - Estado: 404, Ruta consultada: /public/chat.css, Metodo GET
[2022-10-16T10:13:30.131] [WARN] warnArchive - Estado: 404, Ruta consultada: /public/chat.js, Metodo GET
[2022-10-16T10:13:30.141] [WARN] warnArchive - Estado: 404, Ruta consultada: /socket.io/socket.io.js, Metodo GET
[2022-10-16T10:13:30.305] [WARN] warnArchive - Estado: 404, Ruta consultada: /favicon.ico, Metodo GET
[2022-10-16T10:13:42.537] [WARN] warnArchive - Estado: 404, Ruta consultada: /socket.io/socket.io.js, Metodo GET
[2022-10-16T10:13:42.542] [WARN] warnArchive - Estado: 404, Ruta consultada: /public/chat.js, Metodo GET
[2022-10-16T10:13:42.553] [WARN] warnArchive - Estado: 404, Ruta consultada: /public/chat.css, Metodo GET
[2022-10-16T10:13:42.725] [WARN] warnArchive - Estado: 404, Ruta consultada: /favicon.ico, Metodo GET
[2022-10-16T10:14:58.153] [WARN] warnArchive - Estado: 404, Ruta consultada: /public/chat.js, Metodo GET
[2022-10-16T10:14:58.158] [WARN] warnArchive - Estado: 404, Ruta consultada: /public/chat.css, Metodo GET
[2022-10-16T10:14:58.171] [WARN] warnArchive - Estado: 404, Ruta consultada: /socket.io/socket.io.js, Metodo GET
[2022-10-16T10:14:58.339] [WARN] warnArchive - Estado: 404, Ruta consultada: /favicon.ico, Metodo GET
[2022-10-16T10:15:12.895] [WARN] warnArchive - Estado: 404, Ruta consultada: /favicon.ico, Metodo GET
[2022-10-16T10:15:13.188] [WARN] warnArchive - Estado: 404, Ruta consultada: /favicon.ico, Metodo GET
[2022-10-16T10:15:15.207] [WARN] warnArchive - Estado: 404, Ruta consultada: /public/chat.css, Metodo GET
[2022-10-16T10:15:15.212] [WARN] warnArchive - Estado: 404, Ruta consultada: /socket.io/socket.io.js, Metodo GET
[2022-10-16T10:15:15.224] [WARN] warnArchive - Estado: 404, Ruta consultada: /public/chat.js, Metodo GET
[2022-10-16T10:15:15.396] [WARN] warnArchive - Estado: 404, Ruta consultada: /favicon.ico, Metodo GET
[2022-10-16T10:16:37.356] [WARN] warnArchive - Estado: 404, Ruta consultada: /favicon.ico, Metodo GET
[2022-10-16T10:16:37.979] [WARN] warnArchive - Estado: 404, Ruta consultada: /favicon.ico, Metodo GET
[2022-10-16T10:16:39.892] [WARN] warnArchive - Estado: 404, Ruta consultada: /favicon.ico, Metodo GET
[2022-10-16T10:16:41.042] [WARN] warnArchive - Estado: 404, Ruta consultada: /favicon.ico, Metodo GET
[2022-10-16T10:16:41.809] [WARN] warnArchive - Estado: 404, Ruta consultada: /public/chat.css, Metodo GET
[2022-10-16T10:16:41.814] [WARN] warnArchive - Estado: 404, Ruta consultada: /socket.io/socket.io.js, Metodo GET
[2022-10-16T10:16:41.824] [WARN] warnArchive - Estado: 404, Ruta consultada: /public/chat.js, Metodo GET
[2022-10-16T10:16:41.991] [WARN] warnArchive - Estado: 404, Ruta consultada: /favicon.ico, Metodo GET
[2022-10-16T10:16:42.740] [WARN] warnArchive - Estado: 404, Ruta consultada: /avatar/public/avatar/1661719606018-givi%20trekker%20dolomiti%2036%20lts.jpg, Metodo GET
[2022-10-16T10:16:42.854] [WARN] warnArchive - Estado: 404, Ruta consultada: /favicon.ico, Metodo GET
[2022-10-16T10:16:43.719] [WARN] warnArchive - Estado: 404, Ruta consultada: /favicon.ico, Metodo GET
[2022-10-16T10:16:44.582] [WARN] warnArchive - Estado: 404, Ruta consultada: /favicon.ico, Metodo GET
[2022-10-16T10:16:45.892] [WARN] warnArchive - Estado: 404, Ruta consultada: /favicon.ico, Metodo GET
[2022-10-16T10:16:47.740] [WARN] warnArchive - Estado: 404, Ruta consultada: /favicon.ico, Metodo GET
[2022-10-16T10:16:57.076] [WARN] warnArchive - Estado: 404, Ruta consultada: /favicon.ico, Metodo GET
[2022-10-16T10:16:58.920] [WARN] warnArchive - Estado: 404, Ruta consultada: /socket.io/socket.io.js, Metodo GET
[2022-10-16T10:16:58.925] [WARN] warnArchive - Estado: 404, Ruta consultada: /public/chat.css, Metodo GET
[2022-10-16T10:16:58.932] [WARN] warnArchive - Estado: 404, Ruta consultada: /public/chat.js, Metodo GET
[2022-10-16T10:16:59.100] [WARN] warnArchive - Estado: 404, Ruta consultada: /favicon.ico, Metodo GET
[2022-10-16T10:18:22.631] [WARN] warnArchive - Estado: 404, Ruta consultada: /favicon.ico, Metodo GET
[2022-10-16T10:18:23.476] [WARN] warnArchive - Estado: 404, Ruta consultada: /favicon.ico, Metodo GET
[2022-10-16T10:18:25.066] [WARN] warnArchive - Estado: 404, Ruta consultada: /favicon.ico, Metodo GET
[2022-10-16T10:18:26.141] [WARN] warnArchive - Estado: 404, Ruta consultada: /socket.io/socket.io.js, Metodo GET
[2022-10-16T10:18:26.151] [WARN] warnArchive - Estado: 404, Ruta consultada: /public/chat.css, Metodo GET
[2022-10-16T10:18:26.395] [WARN] warnArchive - Estado: 404, Ruta consultada: /public/chat.js, Metodo GET
[2022-10-16T10:18:26.552] [WARN] warnArchive - Estado: 404, Ruta consultada: /favicon.ico, Metodo GET
[2022-10-16T10:20:55.258] [WARN] warnArchive - Estado: 404, Ruta consultada: /favicon.ico, Metodo GET
[2022-10-16T10:20:57.998] [WARN] warnArchive - Estado: 404, Ruta consultada: /favicon.ico, Metodo GET
[2022-10-16T10:20:59.235] [WARN] warnArchive - Estado: 404, Ruta consultada: /favicon.ico, Metodo GET
[2022-10-16T10:21:00.306] [WARN] warnArchive - Estado: 404, Ruta consultada: /favicon.ico, Metodo GET
[2022-10-16T10:21:02.342] [WARN] warnArchive - Estado: 404, Ruta consultada: /favicon.ico, Metodo GET
[2022-10-16T10:21:03.654] [WARN] warnArchive - Estado: 404, Ruta consultada: /favicon.ico, Metodo GET
[2022-10-16T10:21:06.366] [WARN] warnArchive - Estado: 404, Ruta consultada: /favicon.ico, Metodo GET
[2022-10-16T10:21:07.731] [WARN] warnArchive - Estado: 404, Ruta consultada: /public/chat.css, Metodo GET
[2022-10-16T10:21:08.189] [WARN] warnArchive - Estado: 404, Ruta consultada: /socket.io/socket.io.js, Metodo GET
[2022-10-16T10:21:08.194] [WARN] warnArchive - Estado: 404, Ruta consultada: /public/chat.js, Metodo GET
[2022-10-16T10:21:08.347] [WARN] warnArchive - Estado: 404, Ruta consultada: /favicon.ico, Metodo GET
[2022-10-16T10:21:53.493] [WARN] warnArchive - Estado: 404, Ruta consultada: /favicon.ico, Metodo GET
[2022-10-16T10:21:54.352] [WARN] warnArchive - Estado: 404, Ruta consultada: /favicon.ico, Metodo GET
[2022-10-16T10:21:55.972] [WARN] warnArchive - Estado: 404, Ruta consultada: /favicon.ico, Metodo GET
[2022-10-16T10:21:57.376] [WARN] warnArchive - Estado: 404, Ruta consultada: /favicon.ico, Metodo GET
[2022-10-16T10:21:59.011] [WARN] warnArchive - Estado: 404, Ruta consultada: /socket.io/socket.io.js, Metodo GET
[2022-10-16T10:21:59.016] [WARN] warnArchive - Estado: 404, Ruta consultada: /public/chat.css, Metodo GET
[2022-10-16T10:21:59.327] [WARN] warnArchive - Estado: 404, Ruta consultada: /public/chat.js, Metodo GET
[2022-10-16T10:21:59.487] [WARN] warnArchive - Estado: 404, Ruta consultada: /favicon.ico, Metodo GET
[2022-10-16T10:23:17.587] [WARN] warnArchive - Estado: 404, Ruta consultada: /favicon.ico, Metodo GET
[2022-10-16T10:23:18.711] [WARN] warnArchive - Estado: 404, Ruta consultada: /favicon.ico, Metodo GET
[2022-10-16T10:23:20.477] [WARN] warnArchive - Estado: 404, Ruta consultada: /favicon.ico, Metodo GET
[2022-10-16T10:23:21.673] [WARN] warnArchive - Estado: 404, Ruta consultada: /favicon.ico, Metodo GET
[2022-10-16T10:23:23.019] [WARN] warnArchive - Estado: 404, Ruta consultada: /socket.io/socket.io.js, Metodo GET
[2022-10-16T10:23:23.027] [WARN] warnArchive - Estado: 404, Ruta consultada: /public/chat.css, Metodo GET
[2022-10-16T10:23:23.286] [WARN] warnArchive - Estado: 404, Ruta consultada: /public/chat.js, Metodo GET
[2022-10-16T10:23:23.446] [WARN] warnArchive - Estado: 404, Ruta consultada: /favicon.ico, Metodo GET
[2022-10-16T10:32:20.525] [WARN] warnArchive - Estado: 404, Ruta consultada: /favicon.ico, Metodo GET
[2022-10-16T10:32:22.532] [WARN] warnArchive - Estado: 404, Ruta consultada: /public/chat.css, Metodo GET
[2022-10-16T10:32:22.537] [WARN] warnArchive - Estado: 404, Ruta consultada: /public/chat.js, Metodo GET
[2022-10-16T10:32:22.543] [WARN] warnArchive - Estado: 404, Ruta consultada: /socket.io/socket.io.js, Metodo GET
[2022-10-16T10:32:22.738] [WARN] warnArchive - Estado: 404, Ruta consultada: /favicon.ico, Metodo GET
[2022-10-16T10:32:23.914] [WARN] warnArchive - Estado: 404, Ruta consultada: /favicon.ico, Metodo GET
[2022-10-16T10:32:25.074] [WARN] warnArchive - Estado: 404, Ruta consultada: /favicon.ico, Metodo GET
[2022-10-16T10:32:25.370] [WARN] warnArchive - Estado: 404, Ruta consultada: /favicon.ico, Metodo GET
[2022-10-16T10:32:27.398] [WARN] warnArchive - Estado: 404, Ruta consultada: /favicon.ico, Metodo GET
[2022-10-16T10:38:42.238] [WARN] warnArchive - Estado: 404, Ruta consultada: /favicon.ico, Metodo GET
[2022-10-16T10:38:44.195] [WARN] warnArchive - Estado: 404, Ruta consultada: /favicon.ico, Metodo GET
[2022-10-16T10:38:45.778] [WARN] warnArchive - Estado: 404, Ruta consultada: /favicon.ico, Metodo GET
[2022-10-16T10:38:46.743] [WARN] warnArchive - Estado: 404, Ruta consultada: /favicon.ico, Metodo GET
[2022-10-16T10:38:48.286] [WARN] warnArchive - Estado: 404, Ruta consultada: /public/chat.css, Metodo GET
[2022-10-16T10:38:48.295] [WARN] warnArchive - Estado: 404, Ruta consultada: /socket.io/socket.io.js, Metodo GET
[2022-10-16T10:38:48.303] [WARN] warnArchive - Estado: 404, Ruta consultada: /public/chat.js, Metodo GET
[2022-10-16T10:38:48.460] [WARN] warnArchive - Estado: 404, Ruta consultada: /favicon.ico, Metodo GET
[2022-10-16T10:38:51.757] [WARN] warnArchive - Estado: 404, Ruta consultada: /favicon.ico, Metodo GET
[2022-10-16T10:39:10.780] [WARN] warnArchive - Estado: 404, Ruta consultada: /favicon.ico, Metodo GET
[2022-10-16T10:39:45.495] [WARN] warnArchive - Estado: 404, Ruta consultada: /favicon.ico, Metodo GET
[2022-10-16T10:39:46.687] [WARN] warnArchive - Estado: 404, Ruta consultada: /favicon.ico, Metodo GET
[2022-10-16T10:39:48.195] [WARN] warnArchive - Estado: 404, Ruta consultada: /favicon.ico, Metodo GET
[2022-10-16T10:39:49.278] [WARN] warnArchive - Estado: 404, Ruta consultada: /favicon.ico, Metodo GET
[2022-10-16T10:39:50.719] [WARN] warnArchive - Estado: 404, Ruta consultada: /public/chat.css, Metodo GET
[2022-10-16T10:39:51.148] [WARN] warnArchive - Estado: 404, Ruta consultada: /public/chat.js, Metodo GET
[2022-10-16T10:39:51.152] [WARN] warnArchive - Estado: 404, Ruta consultada: /socket.io/socket.io.js, Metodo GET
[2022-10-16T10:39:51.317] [WARN] warnArchive - Estado: 404, Ruta consultada: /favicon.ico, Metodo GET
[2022-10-16T10:40:03.490] [WARN] warnArchive - Estado: 404, Ruta consultada: /favicon.ico, Metodo GET
[2022-10-16T10:40:04.564] [WARN] warnArchive - Estado: 404, Ruta consultada: /favicon.ico, Metodo GET
[2022-10-16T10:40:06.178] [WARN] warnArchive - Estado: 404, Ruta consultada: /favicon.ico, Metodo GET
[2022-10-16T10:40:07.286] [WARN] warnArchive - Estado: 404, Ruta consultada: /favicon.ico, Metodo GET
[2022-10-16T10:40:08.531] [WARN] warnArchive - Estado: 404, Ruta consultada: /public/chat.css, Metodo GET
[2022-10-16T10:40:08.787] [WARN] warnArchive - Estado: 404, Ruta consultada: /socket.io/socket.io.js, Metodo GET
[2022-10-16T10:40:08.791] [WARN] warnArchive - Estado: 404, Ruta consultada: /public/chat.js, Metodo GET
[2022-10-16T10:40:08.984] [WARN] warnArchive - Estado: 404, Ruta consultada: /favicon.ico, Metodo GET
[2022-10-16T10:40:41.967] [WARN] warnArchive - Estado: 404, Ruta consultada: /favicon.ico, Metodo GET
[2022-10-16T10:40:42.868] [WARN] warnArchive - Estado: 404, Ruta consultada: /favicon.ico, Metodo GET
[2022-10-16T10:40:44.365] [WARN] warnArchive - Estado: 404, Ruta consultada: /favicon.ico, Metodo GET
[2022-10-16T10:40:45.439] [WARN] warnArchive - Estado: 404, Ruta consultada: /favicon.ico, Metodo GET
[2022-10-16T10:40:46.886] [WARN] warnArchive - Estado: 404, Ruta consultada: /socket.io/socket.io.js, Metodo GET
[2022-10-16T10:40:46.893] [WARN] warnArchive - Estado: 404, Ruta consultada: /public/chat.css, Metodo GET
[2022-10-16T10:40:47.127] [WARN] warnArchive - Estado: 404, Ruta consultada: /public/chat.js, Metodo GET
[2022-10-16T10:40:47.285] [WARN] warnArchive - Estado: 404, Ruta consultada: /favicon.ico, Metodo GET
[2022-10-16T10:41:36.319] [WARN] warnArchive - Estado: 404, Ruta consultada: /favicon.ico, Metodo GET
[2022-10-16T10:41:37.034] [WARN] warnArchive - Estado: 404, Ruta consultada: /favicon.ico, Metodo GET
[2022-10-16T10:41:38.463] [WARN] warnArchive - Estado: 404, Ruta consultada: /favicon.ico, Metodo GET
[2022-10-16T10:41:39.613] [WARN] warnArchive - Estado: 404, Ruta consultada: /favicon.ico, Metodo GET
[2022-10-16T10:41:41.300] [WARN] warnArchive - Estado: 404, Ruta consultada: /socket.io/socket.io.js, Metodo GET
[2022-10-16T10:41:41.308] [WARN] warnArchive - Estado: 404, Ruta consultada: /public/chat.css, Metodo GET
[2022-10-16T10:41:41.747] [WARN] warnArchive - Estado: 404, Ruta consultada: /public/chat.js, Metodo GET
[2022-10-16T10:41:41.908] [WARN] warnArchive - Estado: 404, Ruta consultada: /favicon.ico, Metodo GET
[2022-10-16T10:41:48.069] [WARN] warnArchive - Estado: 404, Ruta consultada: /favicon.ico, Metodo GET
[2022-10-16T10:41:55.286] [WARN] warnArchive - Estado: 404, Ruta consultada: /favicon.ico, Metodo GET
[2022-10-16T10:42:16.441] [WARN] warnArchive - Estado: 404, Ruta consultada: /favicon.ico, Metodo GET
[2022-10-16T10:43:03.977] [WARN] warnArchive - Estado: 404, Ruta consultada: /socket.io/socket.io.js, Metodo GET
[2022-10-16T10:43:03.985] [WARN] warnArchive - Estado: 404, Ruta consultada: /public/chat.css, Metodo GET
[2022-10-16T10:43:03.993] [WARN] warnArchive - Estado: 404, Ruta consultada: /public/chat.js, Metodo GET
[2022-10-16T10:43:04.158] [WARN] warnArchive - Estado: 404, Ruta consultada: /favicon.ico, Metodo GET
[2022-10-16T10:43:10.808] [WARN] warnArchive - Estado: 404, Ruta consultada: /favicon.ico, Metodo GET
[2022-10-16T10:43:47.653] [WARN] warnArchive - Estado: 404, Ruta consultada: /favicon.ico, Metodo GET
[2022-10-16T10:44:49.309] [WARN] warnArchive - Estado: 404, Ruta consultada: /favicon.ico, Metodo GET
[2022-10-16T10:44:50.482] [WARN] warnArchive - Estado: 404, Ruta consultada: /favicon.ico, Metodo GET
[2022-10-16T10:44:51.896] [WARN] warnArchive - Estado: 404, Ruta consultada: /favicon.ico, Metodo GET
[2022-10-16T10:44:54.525] [WARN] warnArchive - Estado: 404, Ruta consultada: /public/chat.css, Metodo GET
[2022-10-16T10:44:54.781] [WARN] warnArchive - Estado: 404, Ruta consultada: /public/chat.js, Metodo GET
[2022-10-16T10:44:54.787] [WARN] warnArchive - Estado: 404, Ruta consultada: /socket.io/socket.io.js, Metodo GET
[2022-10-16T10:44:54.940] [WARN] warnArchive - Estado: 404, Ruta consultada: /favicon.ico, Metodo GET
[2022-10-16T10:44:55.305] [WARN] warnArchive - Estado: 404, Ruta consultada: /favicon.ico, Metodo GET
[2022-10-16T10:44:56.754] [WARN] warnArchive - Estado: 404, Ruta consultada: /public/chat.js, Metodo GET
[2022-10-16T10:44:56.759] [WARN] warnArchive - Estado: 404, Ruta consultada: /public/chat.css, Metodo GET
[2022-10-16T10:44:56.767] [WARN] warnArchive - Estado: 404, Ruta consultada: /socket.io/socket.io.js, Metodo GET
[2022-10-16T10:44:56.927] [WARN] warnArchive - Estado: 404, Ruta consultada: /favicon.ico, Metodo GET
[2022-10-16T10:45:37.048] [WARN] warnArchive - Estado: 404, Ruta consultada: /favicon.ico, Metodo GET
[2022-10-16T10:45:37.973] [WARN] warnArchive - Estado: 404, Ruta consultada: /favicon.ico, Metodo GET
[2022-10-16T10:45:39.176] [WARN] warnArchive - Estado: 404, Ruta consultada: /favicon.ico, Metodo GET
[2022-10-16T10:45:40.127] [WARN] warnArchive - Estado: 404, Ruta consultada: /favicon.ico, Metodo GET
[2022-10-16T10:45:42.787] [WARN] warnArchive - Estado: 404, Ruta consultada: /public/chat.css, Metodo GET
[2022-10-16T10:45:43.056] [WARN] warnArchive - Estado: 404, Ruta consultada: /public/chat.js, Metodo GET
[2022-10-16T10:45:43.072] [WARN] warnArchive - Estado: 404, Ruta consultada: /socket.io/socket.io.js, Metodo GET
[2022-10-16T10:45:43.229] [WARN] warnArchive - Estado: 404, Ruta consultada: /favicon.ico, Metodo GET
[2022-10-16T10:46:50.955] [WARN] warnArchive - Estado: 404, Ruta consultada: /favicon.ico, Metodo GET
[2022-10-16T10:46:52.116] [WARN] warnArchive - Estado: 404, Ruta consultada: /favicon.ico, Metodo GET
[2022-10-16T10:46:53.759] [WARN] warnArchive - Estado: 404, Ruta consultada: /favicon.ico, Metodo GET
[2022-10-16T10:46:54.722] [WARN] warnArchive - Estado: 404, Ruta consultada: /favicon.ico, Metodo GET
[2022-10-16T10:46:56.158] [WARN] warnArchive - Estado: 404, Ruta consultada: /socket.io/socket.io.js, Metodo GET
[2022-10-16T10:46:56.166] [WARN] warnArchive - Estado: 404, Ruta consultada: /public/chat.css, Metodo GET
[2022-10-16T10:46:56.421] [WARN] warnArchive - Estado: 404, Ruta consultada: /public/chat.js, Metodo GET
[2022-10-16T10:46:56.585] [WARN] warnArchive - Estado: 404, Ruta consultada: /favicon.ico, Metodo GET
[2022-10-16T10:48:53.488] [WARN] warnArchive - Estado: 404, Ruta consultada: /favicon.ico, Metodo GET
[2022-10-16T10:48:54.899] [WARN] warnArchive - Estado: 404, Ruta consultada: /favicon.ico, Metodo GET
[2022-10-16T10:48:56.685] [WARN] warnArchive - Estado: 404, Ruta consultada: /favicon.ico, Metodo GET
[2022-10-16T10:48:57.671] [WARN] warnArchive - Estado: 404, Ruta consultada: /favicon.ico, Metodo GET
[2022-10-16T10:49:00.433] [WARN] warnArchive - Estado: 404, Ruta consultada: /public/chat.js, Metodo GET
[2022-10-16T10:49:00.438] [WARN] warnArchive - Estado: 404, Ruta consultada: /public/chat.css, Metodo GET
[2022-10-16T10:49:00.687] [WARN] warnArchive - Estado: 404, Ruta consultada: /socket.io/socket.io.js, Metodo GET
[2022-10-16T10:49:00.844] [WARN] warnArchive - Estado: 404, Ruta consultada: /favicon.ico, Metodo GET
[2022-10-16T11:07:52.775] [WARN] warnArchive - Estado: 404, Ruta consultada: /public/chat.css, Metodo GET
[2022-10-16T11:07:55.647] [WARN] warnArchive - Estado: 404, Ruta consultada: /favicon.ico, Metodo GET
[2022-10-16T11:07:57.447] [WARN] warnArchive - Estado: 404, Ruta consultada: /favicon.ico, Metodo GET
[2022-10-16T11:08:00.321] [WARN] warnArchive - Estado: 404, Ruta consultada: /favicon.ico, Metodo GET
[2022-10-16T11:08:01.439] [WARN] warnArchive - Estado: 404, Ruta consultada: /favicon.ico, Metodo GET
[2022-10-16T11:08:04.253] [WARN] warnArchive - Estado: 404, Ruta consultada: /public/chat.css, Metodo GET
[2022-10-16T11:08:04.267] [WARN] warnArchive - Estado: 404, Ruta consultada: /socket.io/socket.io.js, Metodo GET
[2022-10-16T11:08:04.536] [WARN] warnArchive - Estado: 404, Ruta consultada: /public/chat.js, Metodo GET
[2022-10-16T11:08:04.715] [WARN] warnArchive - Estado: 404, Ruta consultada: /favicon.ico, Metodo GET
[2022-10-16T16:56:49.379] [WARN] warnArchive - Estado: 404, Ruta consultada: /favicon.ico, Metodo GET
[2022-10-16T16:56:50.421] [WARN] warnArchive - Estado: 404, Ruta consultada: /favicon.ico, Metodo GET
[2022-10-16T16:56:51.957] [WARN] warnArchive - Estado: 404, Ruta consultada: /favicon.ico, Metodo GET
[2022-10-16T16:56:53.796] [WARN] warnArchive - Estado: 404, Ruta consultada: /favicon.ico, Metodo GET
[2022-10-16T16:56:55.485] [WARN] warnArchive - Estado: 404, Ruta consultada: /public/chat.css, Metodo GET
[2022-10-16T16:56:55.495] [WARN] warnArchive - Estado: 404, Ruta consultada: /socket.io/socket.io.js, Metodo GET
[2022-10-16T16:56:55.919] [WARN] warnArchive - Estado: 404, Ruta consultada: /public/chat.js, Metodo GET
[2022-10-16T16:56:56.090] [WARN] warnArchive - Estado: 404, Ruta consultada: /favicon.ico, Metodo GET
[2022-10-16T17:04:33.403] [WARN] warnArchive - Estado: 404, Ruta consultada: /favicon.ico, Metodo GET
[2022-10-16T17:04:34.805] [WARN] warnArchive - Estado: 404, Ruta consultada: /favicon.ico, Metodo GET
[2022-10-16T17:07:00.858] [WARN] warnArchive - Estado: 404, Ruta consultada: /login.css, Metodo GET
[2022-10-16T17:07:00.973] [WARN] warnArchive - Estado: 404, Ruta consultada: /favicon.ico, Metodo GET
[2022-10-16T17:07:42.647] [WARN] warnArchive - Estado: 404, Ruta consultada: /login.css, Metodo GET
[2022-10-16T17:07:42.769] [WARN] warnArchive - Estado: 404, Ruta consultada: /favicon.ico, Metodo GET
[2022-10-16T17:07:44.600] [WARN] warnArchive - Estado: 404, Ruta consultada: /login.css, Metodo GET
[2022-10-16T17:07:44.717] [WARN] warnArchive - Estado: 404, Ruta consultada: /favicon.ico, Metodo GET
[2022-10-16T17:07:49.957] [WARN] warnArchive - Estado: 404, Ruta consultada: /login.css, Metodo GET
[2022-10-16T17:07:50.089] [WARN] warnArchive - Estado: 404, Ruta consultada: /favicon.ico, Metodo GET
[2022-10-16T17:08:19.675] [WARN] warnArchive - Estado: 404, Ruta consultada: /public/login.css, Metodo GET
[2022-10-16T17:08:19.800] [WARN] warnArchive - Estado: 404, Ruta consultada: /favicon.ico, Metodo GET
[2022-10-16T17:08:52.381] [WARN] warnArchive - Estado: 404, Ruta consultada: /public/login.css, Metodo GET
[2022-10-16T17:08:52.511] [WARN] warnArchive - Estado: 404, Ruta consultada: /favicon.ico, Metodo GET
[2022-10-16T17:09:58.688] [WARN] warnArchive - Estado: 404, Ruta consultada: /public/login.css, Metodo GET
[2022-10-16T17:09:58.822] [WARN] warnArchive - Estado: 404, Ruta consultada: /favicon.ico, Metodo GET
[2022-10-16T17:10:56.914] [WARN] warnArchive - Estado: 404, Ruta consultada: /favicon.ico, Metodo GET
[2022-10-16T17:10:58.249] [WARN] warnArchive - Estado: 404, Ruta consultada: /favicon.ico, Metodo GET
[2022-10-16T17:10:59.646] [WARN] warnArchive - Estado: 404, Ruta consultada: /favicon.ico, Metodo GET
[2022-10-16T17:15:51.413] [WARN] warnArchive - Estado: 404, Ruta consultada: /favicon.ico, Metodo GET
[2022-10-16T17:15:52.861] [WARN] warnArchive - Estado: 404, Ruta consultada: /favicon.ico, Metodo GET
[2022-10-16T17:15:53.966] [WARN] warnArchive - Estado: 404, Ruta consultada: /favicon.ico, Metodo GET
[2022-10-16T17:15:55.239] [WARN] warnArchive - Estado: 404, Ruta consultada: /favicon.ico, Metodo GET
[2022-10-16T17:15:55.996] [WARN] warnArchive - Estado: 404, Ruta consultada: /public/login.css, Metodo GET
[2022-10-16T17:15:56.171] [WARN] warnArchive - Estado: 404, Ruta consultada: /favicon.ico, Metodo GET
[2022-10-16T17:16:09.031] [WARN] warnArchive - Estado: 404, Ruta consultada: /public/login.css, Metodo GET
[2022-10-16T17:16:09.198] [WARN] warnArchive - Estado: 404, Ruta consultada: /favicon.ico, Metodo GET
[2022-10-16T17:16:10.458] [WARN] warnArchive - Estado: 404, Ruta consultada: /public/login.css, Metodo GET
[2022-10-16T17:16:10.631] [WARN] warnArchive - Estado: 404, Ruta consultada: /favicon.ico, Metodo GET
[2022-10-16T17:16:11.716] [WARN] warnArchive - Estado: 404, Ruta consultada: /public/login.css, Metodo GET
[2022-10-16T17:16:11.879] [WARN] warnArchive - Estado: 404, Ruta consultada: /favicon.ico, Metodo GET
[2022-10-16T17:16:13.359] [WARN] warnArchive - Estado: 404, Ruta consultada: /favicon.ico, Metodo GET
[2022-10-16T17:16:14.214] [WARN] warnArchive - Estado: 404, Ruta consultada: /public/login.css, Metodo GET
[2022-10-16T17:16:14.382] [WARN] warnArchive - Estado: 404, Ruta consultada: /favicon.ico, Metodo GET
[2022-10-16T17:19:57.202] [WARN] warnArchive - Estado: 404, Ruta consultada: /favicon.ico, Metodo GET
[2022-10-16T17:19:58.641] [WARN] warnArchive - Estado: 404, Ruta consultada: /favicon.ico, Metodo GET
[2022-10-16T17:19:59.997] [WARN] warnArchive - Estado: 404, Ruta consultada: /favicon.ico, Metodo GET
[2022-10-16T17:20:01.922] [WARN] warnArchive - Estado: 404, Ruta consultada: /public/chat.css, Metodo GET
[2022-10-16T17:20:02.326] [WARN] warnArchive - Estado: 404, Ruta consultada: /socket.io/socket.io.js, Metodo GET
[2022-10-16T17:20:02.375] [WARN] warnArchive - Estado: 404, Ruta consultada: /public/chat.js, Metodo GET
[2022-10-16T17:20:02.533] [WARN] warnArchive - Estado: 404, Ruta consultada: /favicon.ico, Metodo GET
[2022-10-17T20:34:10.517] [WARN] warnArchive - Estado: 404, Ruta consultada: /public/login.css, Metodo GET
[2022-10-17T20:34:10.653] [WARN] warnArchive - Estado: 404, Ruta consultada: /favicon.ico, Metodo GET
[2022-10-17T20:34:11.728] [WARN] warnArchive - Estado: 404, Ruta consultada: /favicon.ico, Metodo GET
[2022-10-17T20:34:13.389] [WARN] warnArchive - Estado: 404, Ruta consultada: /favicon.ico, Metodo GET
[2022-10-17T20:34:15.244] [WARN] warnArchive - Estado: 404, Ruta consultada: /favicon.ico, Metodo GET
[2022-10-17T20:34:17.677] [WARN] warnArchive - Estado: 404, Ruta consultada: /public/chat.css, Metodo GET
[2022-10-17T20:34:18.221] [WARN] warnArchive - Estado: 404, Ruta consultada: /public/chat.js, Metodo GET
[2022-10-17T20:34:18.497] [WARN] warnArchive - Estado: 404, Ruta consultada: /socket.io/socket.io.js, Metodo GET
[2022-10-17T20:34:18.662] [WARN] warnArchive - Estado: 404, Ruta consultada: /favicon.ico, Metodo GET
[2022-10-17T20:37:13.423] [WARN] warnArchive - Estado: 404, Ruta consultada: /public/login.css, Metodo GET
[2022-10-17T20:37:13.596] [WARN] warnArchive - Estado: 404, Ruta consultada: /favicon.ico, Metodo GET
[2022-10-17T20:37:14.770] [WARN] warnArchive - Estado: 404, Ruta consultada: /favicon.ico, Metodo GET
[2022-10-17T20:37:17.766] [WARN] warnArchive - Estado: 404, Ruta consultada: /favicon.ico, Metodo GET
[2022-10-17T20:37:19.042] [WARN] warnArchive - Estado: 404, Ruta consultada: /favicon.ico, Metodo GET
[2022-10-17T20:37:25.098] [WARN] warnArchive - Estado: 404, Ruta consultada: /socket.io/socket.io.js, Metodo GET
[2022-10-17T20:37:25.104] [WARN] warnArchive - Estado: 404, Ruta consultada: /public/chat.css, Metodo GET
[2022-10-17T20:37:25.421] [WARN] warnArchive - Estado: 404, Ruta consultada: /public/chat.js, Metodo GET
[2022-10-17T20:37:25.589] [WARN] warnArchive - Estado: 404, Ruta consultada: /favicon.ico, Metodo GET
[2022-10-17T20:47:13.919] [WARN] warnArchive - Estado: 404, Ruta consultada: /public/login.css, Metodo GET
[2022-10-17T20:47:14.042] [WARN] warnArchive - Estado: 404, Ruta consultada: /favicon.ico, Metodo GET
[2022-10-17T20:47:17.492] [WARN] warnArchive - Estado: 404, Ruta consultada: /favicon.ico, Metodo GET
[2022-10-17T20:47:19.310] [WARN] warnArchive - Estado: 404, Ruta consultada: /favicon.ico, Metodo GET
[2022-10-17T20:47:20.529] [WARN] warnArchive - Estado: 404, Ruta consultada: /favicon.ico, Metodo GET
[2022-10-17T20:48:02.384] [WARN] warnArchive - Estado: 404, Ruta consultada: /favicon.ico, Metodo GET
[2022-10-17T20:48:03.816] [WARN] warnArchive - Estado: 404, Ruta consultada: /favicon.ico, Metodo GET
[2022-10-17T20:48:05.431] [WARN] warnArchive - Estado: 404, Ruta consultada: /favicon.ico, Metodo GET
[2022-10-17T20:49:43.848] [WARN] warnArchive - Estado: 404, Ruta consultada: /favicon.ico, Metodo GET
[2022-10-17T20:49:45.751] [WARN] warnArchive - Estado: 404, Ruta consultada: /public/chat.css, Metodo GET
[2022-10-17T20:49:45.757] [WARN] warnArchive - Estado: 404, Ruta consultada: /socket.io/socket.io.js, Metodo GET
[2022-10-17T20:49:46.237] [WARN] warnArchive - Estado: 404, Ruta consultada: /public/chat.js, Metodo GET
[2022-10-17T20:49:46.400] [WARN] warnArchive - Estado: 404, Ruta consultada: /favicon.ico, Metodo GET
[2022-10-17T20:50:20.135] [WARN] warnArchive - Estado: 404, Ruta consultada: /favicon.ico, Metodo GET
[2022-10-17T20:50:22.505] [WARN] warnArchive - Estado: 404, Ruta consultada: /socket.io/socket.io.js, Metodo GET
[2022-10-17T20:50:22.510] [WARN] warnArchive - Estado: 404, Ruta consultada: /public/chat.js, Metodo GET
[2022-10-17T20:50:22.515] [WARN] warnArchive - Estado: 404, Ruta consultada: /public/chat.css, Metodo GET
[2022-10-17T20:50:22.752] [WARN] warnArchive - Estado: 404, Ruta consultada: /favicon.ico, Metodo GET
[2022-10-17T20:50:25.572] [WARN] warnArchive - Estado: 404, Ruta consultada: /favicon.ico, Metodo GET
[2022-10-17T20:50:26.330] [WARN] warnArchive - Estado: 404, Ruta consultada: /favicon.ico, Metodo GET
[2022-10-17T20:50:27.514] [WARN] warnArchive - Estado: 404, Ruta consultada: /public/chat.css, Metodo GET
[2022-10-17T20:50:27.519] [WARN] warnArchive - Estado: 404, Ruta consultada: /socket.io/socket.io.js, Metodo GET
[2022-10-17T20:50:27.526] [WARN] warnArchive - Estado: 404, Ruta consultada: /public/chat.js, Metodo GET
[2022-10-17T20:50:27.749] [WARN] warnArchive - Estado: 404, Ruta consultada: /favicon.ico, Metodo GET
[2022-10-17T20:50:28.005] [WARN] warnArchive - Estado: 404, Ruta consultada: /favicon.ico, Metodo GET
[2022-10-17T20:50:32.842] [WARN] warnArchive - Estado: 404, Ruta consultada: /public/chat.css, Metodo GET
[2022-10-17T20:50:32.850] [WARN] warnArchive - Estado: 404, Ruta consultada: /socket.io/socket.io.js, Metodo GET
[2022-10-17T20:50:33.427] [WARN] warnArchive - Estado: 404, Ruta consultada: /public/chat.js, Metodo GET
[2022-10-17T20:50:33.622] [WARN] warnArchive - Estado: 404, Ruta consultada: /favicon.ico, Metodo GET
[2022-10-17T20:54:35.903] [WARN] warnArchive - Estado: 404, Ruta consultada: /favicon.ico, Metodo GET
[2022-10-17T20:54:36.893] [WARN] warnArchive - Estado: 404, Ruta consultada: /favicon.ico, Metodo GET
[2022-10-17T20:54:37.419] [WARN] warnArchive - Estado: 404, Ruta consultada: /favicon.ico, Metodo GET
[2022-10-17T20:54:40.385] [WARN] warnArchive - Estado: 404, Ruta consultada: /public/chat.css, Metodo GET
[2022-10-17T20:54:40.659] [WARN] warnArchive - Estado: 404, Ruta consultada: /socket.io/socket.io.js, Metodo GET
[2022-10-17T20:54:40.665] [WARN] warnArchive - Estado: 404, Ruta consultada: /public/chat.js, Metodo GET
[2022-10-17T20:54:40.821] [WARN] warnArchive - Estado: 404, Ruta consultada: /favicon.ico, Metodo GET
[2022-10-17T21:10:47.129] [WARN] warnArchive - Estado: 404, Ruta consultada: /public/chat.css, Metodo GET
[2022-10-17T21:11:29.928] [WARN] warnArchive - Estado: 404, Ruta consultada: /socket.io/socket.io.js, Metodo GET
[2022-10-17T21:11:30.232] [WARN] warnArchive - Estado: 404, Ruta consultada: /favicon.ico, Metodo GET
[2022-10-17T21:12:31.244] [WARN] warnArchive - Estado: 404, Ruta consultada: /public/chat.js, Metodo GET
[2022-10-17T21:12:31.866] [WARN] warnArchive - Estado: 404, Ruta consultada: /favicon.ico, Metodo GET
[2022-10-17T22:07:20.677] [WARN] warnArchive - Estado: 404, Ruta consultada: /public/login.css, Metodo GET
[2022-10-17T22:07:26.316] [WARN] warnArchive - Estado: 404, Ruta consultada: /socket.io/socket.io.js, Metodo GET
[2022-10-17T22:07:41.294] [WARN] warnArchive - Estado: 404, Ruta consultada: /socket.io/socket.io.js, Metodo GET
[2022-10-17T22:07:51.513] [WARN] warnArchive - Estado: 404, Ruta consultada: /socket.io/socket.io.js, Metodo GET
[2022-10-17T22:08:33.833] [WARN] warnArchive - Estado: 404, Ruta consultada: /socket.io/socket.io.js, Metodo GET
[2022-10-17T22:08:42.088] [WARN] warnArchive - Estado: 404, Ruta consultada: /socket.io/socket.io.js, Metodo GET
[2022-10-17T22:09:59.775] [WARN] warnArchive - Estado: 404, Ruta consultada: /public/login.css, Metodo GET
[2022-10-17T22:10:05.052] [WARN] warnArchive - Estado: 404, Ruta consultada: /socket.io/socket.io.js, Metodo GET
[2022-10-17T22:11:00.333] [WARN] warnArchive - Estado: 404, Ruta consultada: /socket.io/socket.io.js, Metodo GET
[2022-10-17T22:11:06.598] [WARN] warnArchive - Estado: 404, Ruta consultada: /favicon.ico, Metodo GET
[2022-10-17T22:11:07.029] [WARN] warnArchive - Estado: 404, Ruta consultada: /favicon.ico, Metodo GET
[2022-10-17T22:11:07.777] [WARN] warnArchive - Estado: 404, Ruta consultada: /favicon.ico, Metodo GET
[2022-10-17T22:11:08.927] [WARN] warnArchive - Estado: 404, Ruta consultada: /favicon.ico, Metodo GET
[2022-10-17T22:11:09.281] [WARN] warnArchive - Estado: 404, Ruta consultada: /favicon.ico, Metodo GET
[2022-10-17T22:11:09.752] [WARN] warnArchive - Estado: 404, Ruta consultada: /favicon.ico, Metodo GET
[2022-10-17T22:11:10.937] [WARN] warnArchive - Estado: 404, Ruta consultada: /socket.io/socket.io.js, Metodo GET
[2022-10-17T22:11:11.117] [WARN] warnArchive - Estado: 404, Ruta consultada: /favicon.ico, Metodo GET
[2022-10-17T22:11:20.337] [WARN] warnArchive - Estado: 404, Ruta consultada: /asdsa, Metodo GET
[2022-10-17T22:11:20.691] [WARN] warnArchive - Estado: 404, Ruta consultada: /favicon.ico, Metodo GET
[2022-10-17T22:11:41.366] [WARN] warnArchive - Estado: 404, Ruta consultada: /public/login.css, Metodo GET
[2022-10-17T22:11:41.572] [WARN] warnArchive - Estado: 404, Ruta consultada: /favicon.ico, Metodo GET
[2022-10-17T22:11:42.877] [WARN] warnArchive - Estado: 404, Ruta consultada: /favicon.ico, Metodo GET
[2022-10-17T22:11:44.555] [WARN] warnArchive - Estado: 404, Ruta consultada: /favicon.ico, Metodo GET
[2022-10-17T22:11:46.122] [WARN] warnArchive - Estado: 404, Ruta consultada: /favicon.ico, Metodo GET
[2022-10-17T22:11:48.784] [WARN] warnArchive - Estado: 404, Ruta consultada: /socket.io/socket.io.js, Metodo GET
[2022-10-17T22:11:48.976] [WARN] warnArchive - Estado: 404, Ruta consultada: /favicon.ico, Metodo GET
[2022-10-17T22:11:54.137] [WARN] warnArchive - Estado: 404, Ruta consultada: /favicon.ico, Metodo GET
[2022-10-18T18:23:38.094] [WARN] warnArchive - Estado: 404, Ruta consultada: /public/login.css, Metodo GET
[2022-10-18T18:24:29.139] [WARN] warnArchive - Estado: 404, Ruta consultada: /public/login.css, Metodo GET
[2022-10-18T18:25:55.350] [WARN] warnArchive - Estado: 404, Ruta consultada: /public/login.css, Metodo GET
[2022-10-18T18:27:26.854] [WARN] warnArchive - Estado: 404, Ruta consultada: /public/login.css, Metodo GET
[2022-10-18T18:27:46.881] [WARN] warnArchive - Estado: 404, Ruta consultada: /public/login.css, Metodo GET
[2022-10-18T18:28:16.718] [WARN] warnArchive - Estado: 404, Ruta consultada: /public/login.css, Metodo GET
[2022-10-18T18:28:48.821] [WARN] warnArchive - Estado: 404, Ruta consultada: /public/login.css, Metodo GET
[2022-10-18T18:29:50.654] [WARN] warnArchive - Estado: 404, Ruta consultada: /public/login.css, Metodo GET
[2022-10-18T18:30:40.150] [WARN] warnArchive - Estado: 404, Ruta consultada: /public/login.css, Metodo GET
[2022-10-18T18:31:20.332] [WARN] warnArchive - Estado: 404, Ruta consultada: /public/login.css, Metodo GET
[2022-10-18T18:34:24.469] [WARN] warnArchive - Estado: 404, Ruta consultada: /public/login.css, Metodo GET
[2022-10-18T18:34:56.548] [WARN] warnArchive - Estado: 404, Ruta consultada: /public/login.css, Metodo GET
[2022-10-18T18:36:55.611] [WARN] warnArchive - Estado: 404, Ruta consultada: /public/login.css, Metodo GET
[2022-10-18T18:39:55.132] [WARN] warnArchive - Estado: 404, Ruta consultada: /public/login.css, Metodo GET
[2022-10-18T18:44:39.554] [WARN] warnArchive - Estado: 404, Ruta consultada: /public/login.css, Metodo GET
[2022-10-18T18:45:38.772] [WARN] warnArchive - Estado: 404, Ruta consultada: /public/login.css, Metodo GET
[2022-10-18T18:47:27.692] [WARN] warnArchive - Estado: 404, Ruta consultada: /public/login.css, Metodo GET
[2022-10-18T18:47:58.228] [WARN] warnArchive - Estado: 404, Ruta consultada: /public/login.css, Metodo GET
[2022-10-18T18:48:29.182] [WARN] warnArchive - Estado: 404, Ruta consultada: /public/login.css, Metodo GET
[2022-10-18T18:51:07.938] [WARN] warnArchive - Estado: 404, Ruta consultada: /public/login.css, Metodo GET
[2022-10-18T19:03:18.627] [WARN] warnArchive - Estado: 404, Ruta consultada: /public/login.css, Metodo GET
[2022-10-18T19:06:27.977] [WARN] warnArchive - Estado: 404, Ruta consultada: /chat2.css, Metodo GET
[2022-10-18T19:08:48.220] [WARN] warnArchive - Estado: 404, Ruta consultada: /public/login.css, Metodo GET
[2022-10-18T19:13:09.056] [WARN] warnArchive - Estado: 404, Ruta consultada: /public/login.css, Metodo GET
[2022-10-18T19:13:40.425] [WARN] warnArchive - Estado: 404, Ruta consultada: /public/login.css, Metodo GET
[2022-10-18T19:14:01.830] [WARN] warnArchive - Estado: 404, Ruta consultada: /public/login.css, Metodo GET
[2022-10-18T19:19:36.038] [WARN] warnArchive - Estado: 404, Ruta consultada: /login.css, Metodo GET
[2022-10-18T19:33:31.299] [WARN] warnArchive - Estado: 404, Ruta consultada: /api/template1.css, Metodo GET
[2022-10-18T19:33:56.351] [WARN] warnArchive - Estado: 404, Ruta consultada: /api/template1.css, Metodo GET
[2022-10-18T19:34:26.266] [WARN] warnArchive - Estado: 404, Ruta consultada: /api/template1.css, Metodo GET
[2022-10-18T19:36:27.906] [WARN] warnArchive - Estado: 404, Ruta consultada: /api/template1.css, Metodo GET
[2022-10-18T19:37:01.258] [WARN] warnArchive - Estado: 404, Ruta consultada: /api/template1.css, Metodo GET
[2022-10-18T19:37:19.234] [WARN] warnArchive - Estado: 404, Ruta consultada: /api/template1.css, Metodo GET
[2022-10-18T19:38:52.560] [WARN] warnArchive - Estado: 404, Ruta consultada: /api/template1.css, Metodo GET
[2022-10-18T19:39:14.595] [WARN] warnArchive - Estado: 404, Ruta consultada: /api/template1.css, Metodo GET
[2022-10-18T19:39:38.333] [WARN] warnArchive - Estado: 404, Ruta consultada: /api/template1.css, Metodo GET
[2022-10-18T19:39:53.996] [WARN] warnArchive - Estado: 404, Ruta consultada: /api/template1.css, Metodo GET
[2022-10-18T19:43:05.439] [WARN] warnArchive - Estado: 404, Ruta consultada: /public/login.css, Metodo GET
[2022-10-18T19:43:31.823] [WARN] warnArchive - Estado: 404, Ruta consultada: /api/templateChat.css, Metodo GET
[2022-10-18T19:44:08.720] [WARN] warnArchive - Estado: 404, Ruta consultada: /api/template1.css, Metodo GET
[2022-10-18T19:44:28.700] [WARN] warnArchive - Estado: 404, Ruta consultada: /api/template1.css, Metodo GET
[2022-10-18T19:44:54.406] [WARN] warnArchive - Estado: 404, Ruta consultada: /api/template1.css, Metodo GET
[2022-10-18T19:45:09.351] [WARN] warnArchive - Estado: 404, Ruta consultada: /api/template1.css, Metodo GET
[2022-10-18T19:57:55.314] [WARN] warnArchive - Estado: 404, Ruta consultada: /api/template1.css, Metodo GET
[2022-10-18T20:30:47.411] [WARN] warnArchive - Estado: 404, Ruta consultada: /api/template1.css, Metodo GET
[2022-10-18T20:30:54.084] [WARN] warnArchive - Estado: 404, Ruta consultada: /api/template1.css, Metodo GET
[2022-10-18T20:32:12.575] [WARN] warnArchive - Estado: 404, Ruta consultada: /public/login.css, Metodo GET
[2022-10-18T20:32:37.289] [WARN] warnArchive - Estado: 404, Ruta consultada: /public/login.css, Metodo GET
[2022-10-18T20:33:34.615] [WARN] warnArchive - Estado: 404, Ruta consultada: /public/login.css, Metodo GET
[2022-10-18T20:35:11.437] [WARN] warnArchive - Estado: 404, Ruta consultada: /public/login.css, Metodo GET
[2022-10-18T20:38:32.521] [WARN] warnArchive - Estado: 404, Ruta consultada: /api/template1.css, Metodo GET
[2022-10-18T20:39:01.502] [WARN] warnArchive - Estado: 404, Ruta consultada: /api/templateChat.css, Metodo GET
[2022-10-18T20:39:46.200] [WARN] warnArchive - Estado: 404, Ruta consultada: /api/templateChat.css, Metodo GET
[2022-10-18T20:39:57.705] [WARN] warnArchive - Estado: 404, Ruta consultada: /api/template1.css, Metodo GET
[2022-10-18T20:40:05.764] [WARN] warnArchive - Estado: 404, Ruta consultada: /api/template1.css, Metodo GET
[2022-10-18T20:40:24.682] [WARN] warnArchive - Estado: 404, Ruta consultada: /api/templateChat.css, Metodo GET
[2022-10-18T20:40:37.555] [WARN] warnArchive - Estado: 404, Ruta consultada: /api/template1.css, Metodo GET
[2022-10-18T20:40:58.214] [WARN] warnArchive - Estado: 404, Ruta consultada: /api/template1.css, Metodo GET
[2022-10-18T20:41:01.930] [WARN] warnArchive - Estado: 404, Ruta consultada: /api/template1.css, Metodo GET
[2022-10-18T20:41:11.534] [WARN] warnArchive - Estado: 404, Ruta consultada: /api/template1.css, Metodo GET
[2022-10-18T20:41:32.689] [WARN] warnArchive - Estado: 404, Ruta consultada: /api/template1.css, Metodo GET
[2022-10-18T20:42:12.090] [WARN] warnArchive - Estado: 404, Ruta consultada: /api/template1.css, Metodo GET
[2022-10-18T20:42:16.917] [WARN] warnArchive - Estado: 404, Ruta consultada: /avatar/public/avatar/1661719606018-givi%20trekker%20dolomiti%2036%20lts.jpg, Metodo GET
[2022-10-18T20:42:18.239] [WARN] warnArchive - Estado: 404, Ruta consultada: /avatar/public/avatar/1661719606018-givi%20trekker%20dolomiti%2036%20lts.jpg, Metodo GET
[2022-10-18T20:42:26.796] [WARN] warnArchive - Estado: 404, Ruta consultada: /api/template1.css, Metodo GET
[2022-10-18T20:42:34.495] [WARN] warnArchive - Estado: 404, Ruta consultada: /api/template1.css, Metodo GET
[2022-10-18T20:43:17.030] [WARN] warnArchive - Estado: 404, Ruta consultada: /api/template1.css, Metodo GET
[2022-10-18T20:47:22.567] [WARN] warnArchive - Estado: 404, Ruta consultada: /api/template1.css, Metodo GET
[2022-10-18T20:47:42.217] [WARN] warnArchive - Estado: 404, Ruta consultada: /api/template1.css, Metodo GET
[2022-10-18T20:50:06.847] [WARN] warnArchive - Estado: 404, Ruta consultada: /api/template1.css, Metodo GET
[2022-10-18T20:57:12.936] [WARN] warnArchive - Estado: 404, Ruta consultada: /api/template1.css, Metodo GET
[2022-10-18T21:02:05.446] [WARN] warnArchive - Estado: 404, Ruta consultada: /api/template1.css, Metodo GET
[2022-10-18T21:03:05.658] [WARN] warnArchive - Estado: 404, Ruta consultada: /api/template1.css, Metodo GET
[2022-10-18T21:03:39.417] [WARN] warnArchive - Estado: 404, Ruta consultada: /api/template1.css, Metodo GET
[2022-10-18T21:03:47.564] [WARN] warnArchive - Estado: 404, Ruta consultada: /api/template1.css, Metodo GET
[2022-10-18T21:04:14.265] [WARN] warnArchive - Estado: 404, Ruta consultada: /api/template1.css, Metodo GET
[2022-10-18T21:04:19.865] [WARN] warnArchive - Estado: 404, Ruta consultada: /api/template1.css, Metodo GET
[2022-10-18T21:05:11.379] [WARN] warnArchive - Estado: 404, Ruta consultada: /api/template1.css, Metodo GET
[2022-10-18T21:06:05.431] [WARN] warnArchive - Estado: 404, Ruta consultada: /api/template1.css, Metodo GET
[2022-10-18T21:06:20.329] [WARN] warnArchive - Estado: 404, Ruta consultada: /api/template1.css, Metodo GET
[2022-10-18T21:06:31.115] [WARN] warnArchive - Estado: 404, Ruta consultada: /api/template1.css, Metodo GET
[2022-10-18T21:06:52.474] [WARN] warnArchive - Estado: 404, Ruta consultada: /api/template1.css, Metodo GET
[2022-10-18T21:06:59.412] [WARN] warnArchive - Estado: 404, Ruta consultada: /api/template1.css, Metodo GET
[2022-10-18T21:07:02.411] [WARN] warnArchive - Estado: 404, Ruta consultada: /avatar/public/avatar/1661719606018-givi%20trekker%20dolomiti%2036%20lts.jpg, Metodo GET
[2022-10-18T21:07:06.358] [WARN] warnArchive - Estado: 404, Ruta consultada: /api/template1.css, Metodo GET
[2022-10-18T21:07:39.323] [WARN] warnArchive - Estado: 404, Ruta consultada: /api/template1.css, Metodo GET
[2022-10-18T21:07:58.359] [WARN] warnArchive - Estado: 404, Ruta consultada: /api/template1.css, Metodo GET
[2022-10-18T21:08:14.905] [WARN] warnArchive - Estado: 404, Ruta consultada: /api/template1.css, Metodo GET
[2022-10-18T21:09:17.287] [WARN] warnArchive - Estado: 404, Ruta consultada: /api/template1.css, Metodo GET
[2022-10-18T21:09:46.524] [WARN] warnArchive - Estado: 404, Ruta consultada: /api/template1.css, Metodo GET
[2022-10-18T21:09:56.497] [WARN] warnArchive - Estado: 404, Ruta consultada: /api/templateChat.css, Metodo GET
[2022-10-18T21:10:00.957] [WARN] warnArchive - Estado: 404, Ruta consultada: /api/template1.css, Metodo GET
[2022-10-18T21:10:31.184] [WARN] warnArchive - Estado: 404, Ruta consultada: /api/templateChat.css, Metodo GET
[2022-10-18T21:10:31.634] [WARN] warnArchive - Estado: 404, Ruta consultada: /api/chat.js, Metodo GET
[2022-10-18T21:11:12.433] [WARN] warnArchive - Estado: 404, Ruta consultada: /api/templateChat.css, Metodo GET
[2022-10-18T21:11:12.441] [WARN] warnArchive - Estado: 404, Ruta consultada: /api/chat.js, Metodo GET
[2022-10-18T21:11:27.183] [WARN] warnArchive - Estado: 404, Ruta consultada: /api/template1.css, Metodo GET
[2022-10-18T21:11:36.633] [WARN] warnArchive - Estado: 404, Ruta consultada: /api/template1.css, Metodo GET
[2022-10-18T21:12:38.241] [WARN] warnArchive - Estado: 404, Ruta consultada: /api/template1.css, Metodo GET
[2022-10-18T21:14:57.638] [WARN] warnArchive - Estado: 404, Ruta consultada: /avatar/public/avatar/1661719606018-givi%20trekker%20dolomiti%2036%20lts.jpg, Metodo GET
[2022-10-18T21:15:01.012] [WARN] warnArchive - Estado: 404, Ruta consultada: /avatar/public/avatar/1661719606018-givi%20trekker%20dolomiti%2036%20lts.jpg, Metodo GET
[2022-10-18T21:15:03.803] [WARN] warnArchive - Estado: 404, Ruta consultada: /api/template1.css, Metodo GET
[2022-10-18T21:15:52.390] [WARN] warnArchive - Estado: 404, Ruta consultada: /avatar/public/avatar/1661719606018-givi%20trekker%20dolomiti%2036%20lts.jpg, Metodo GET
[2022-10-18T21:16:05.964] [WARN] warnArchive - Estado: 404, Ruta consultada: /api/template1.css, Metodo GET
[2022-10-18T21:16:13.563] [WARN] warnArchive - Estado: 404, Ruta consultada: /api/template1.css, Metodo GET
[2022-10-18T21:16:17.236] [WARN] warnArchive - Estado: 404, Ruta consultada: /api/template1.css, Metodo GET
[2022-10-18T21:16:24.723] [WARN] warnArchive - Estado: 404, Ruta consultada: /api/template1.css, Metodo GET
[2022-10-18T21:16:27.704] [WARN] warnArchive - Estado: 404, Ruta consultada: /api/template1.css, Metodo GET
[2022-10-18T21:16:38.172] [WARN] warnArchive - Estado: 404, Ruta consultada: /api/template1.css, Metodo GET
[2022-10-18T21:16:39.990] [WARN] warnArchive - Estado: 404, Ruta consultada: /api/template1.css, Metodo GET
[2022-10-18T21:16:41.958] [WARN] warnArchive - Estado: 404, Ruta consultada: /api/template1.css, Metodo GET
[2022-10-18T21:27:34.758] [WARN] warnArchive - Estado: 404, Ruta consultada: /favicon.ico, Metodo GET
[2022-10-18T21:27:40.224] [WARN] warnArchive - Estado: 404, Ruta consultada: /favicon.ico, Metodo GET
[2022-10-18T21:27:44.213] [WARN] warnArchive - Estado: 404, Ruta consultada: /favicon.ico, Metodo GET
[2022-10-18T21:27:50.351] [WARN] warnArchive - Estado: 404, Ruta consultada: /favicon.ico, Metodo GET
[2022-10-18T21:29:04.688] [WARN] warnArchive - Estado: 404, Ruta consultada: /favicon.ico, Metodo GET
[2022-10-18T21:29:23.342] [WARN] warnArchive - Estado: 404, Ruta consultada: /favicon.ico, Metodo GET
[2022-10-18T21:29:54.881] [WARN] warnArchive - Estado: 404, Ruta consultada: /favicon.ico, Metodo GET
[2022-10-18T21:29:56.557] [WARN] warnArchive - Estado: 404, Ruta consultada: /favicon.ico, Metodo GET
[2022-10-18T21:30:03.357] [WARN] warnArchive - Estado: 404, Ruta consultada: /favicon.ico, Metodo GET
[2022-10-18T21:30:10.427] [WARN] warnArchive - Estado: 404, Ruta consultada: /favicon.ico, Metodo GET
[2022-10-18T21:30:12.053] [WARN] warnArchive - Estado: 404, Ruta consultada: /favicon.ico, Metodo GET
[2022-10-18T21:30:13.018] [WARN] warnArchive - Estado: 404, Ruta consultada: /favicon.ico, Metodo GET
[2022-10-18T21:31:20.518] [WARN] warnArchive - Estado: 404, Ruta consultada: /favicon.ico, Metodo GET
[2022-10-18T21:31:21.153] [WARN] warnArchive - Estado: 404, Ruta consultada: /favicon.ico, Metodo GET
[2022-10-18T21:31:22.341] [WARN] warnArchive - Estado: 404, Ruta consultada: /favicon.ico, Metodo GET
[2022-10-18T21:31:26.676] [WARN] warnArchive - Estado: 404, Ruta consultada: /favicon.ico, Metodo GET
[2022-10-18T21:31:28.168] [WARN] warnArchive - Estado: 404, Ruta consultada: /favicon.ico, Metodo GET
[2022-10-18T21:31:28.602] [WARN] warnArchive - Estado: 404, Ruta consultada: /favicon.ico, Metodo GET
[2022-10-18T21:31:29.521] [WARN] warnArchive - Estado: 404, Ruta consultada: /favicon.ico, Metodo GET
[2022-10-18T21:31:31.687] [WARN] warnArchive - Estado: 404, Ruta consultada: /favicon.ico, Metodo GET
[2022-10-18T21:31:32.690] [WARN] warnArchive - Estado: 404, Ruta consultada: /favicon.ico, Metodo GET
[2022-10-18T21:31:35.318] [WARN] warnArchive - Estado: 404, Ruta consultada: /favicon.ico, Metodo GET
[2022-10-18T21:31:47.194] [WARN] warnArchive - Estado: 404, Ruta consultada: /favicon.ico, Metodo GET
[2022-10-18T21:31:49.916] [WARN] warnArchive - Estado: 404, Ruta consultada: /favicon.ico, Metodo GET
[2022-10-18T21:31:50.990] [WARN] warnArchive - Estado: 404, Ruta consultada: /favicon.ico, Metodo GET
[2022-10-18T21:31:51.796] [WARN] warnArchive - Estado: 404, Ruta consultada: /favicon.ico, Metodo GET
[2022-10-18T21:31:53.075] [WARN] warnArchive - Estado: 404, Ruta consultada: /favicon.ico, Metodo GET
[2022-10-18T21:31:54.146] [WARN] warnArchive - Estado: 404, Ruta consultada: /favicon.ico, Metodo GET
[2022-10-18T21:32:10.953] [WARN] warnArchive - Estado: 404, Ruta consultada: /favicon.ico, Metodo GET
[2022-10-18T21:32:12.329] [WARN] warnArchive - Estado: 404, Ruta consultada: /favicon.ico, Metodo GET
[2022-10-18T21:32:12.974] [WARN] warnArchive - Estado: 404, Ruta consultada: /favicon.ico, Metodo GET
[2022-10-18T21:32:14.702] [WARN] warnArchive - Estado: 404, Ruta consultada: /avatar/public/avatar/1661719606018-givi%20trekker%20dolomiti%2036%20lts.jpg, Metodo GET
[2022-10-18T21:32:14.813] [WARN] warnArchive - Estado: 404, Ruta consultada: /favicon.ico, Metodo GET
[2022-10-18T21:32:16.130] [WARN] warnArchive - Estado: 404, Ruta consultada: /favicon.ico, Metodo GET
[2022-10-18T21:32:25.343] [WARN] warnArchive - Estado: 404, Ruta consultada: /favicon.ico, Metodo GET
[2022-10-18T21:32:27.191] [WARN] warnArchive - Estado: 404, Ruta consultada: /favicon.ico, Metodo GET
[2022-10-18T21:32:28.286] [WARN] warnArchive - Estado: 404, Ruta consultada: /favicon.ico, Metodo GET
[2022-10-18T21:32:30.003] [WARN] warnArchive - Estado: 404, Ruta consultada: /favicon.ico, Metodo GET
[2022-10-18T21:32:31.730] [WARN] warnArchive - Estado: 404, Ruta consultada: /favicon.ico, Metodo GET
[2022-10-18T21:32:32.618] [WARN] warnArchive - Estado: 404, Ruta consultada: /favicon.ico, Metodo GET
[2022-10-18T21:32:34.572] [WARN] warnArchive - Estado: 404, Ruta consultada: /favicon.ico, Metodo GET
[2022-10-18T21:32:36.762] [WARN] warnArchive - Estado: 404, Ruta consultada: /favicon.ico, Metodo GET
[2022-10-18T21:32:37.567] [WARN] warnArchive - Estado: 404, Ruta consultada: /avatar/public/avatar/1661719606018-givi%20trekker%20dolomiti%2036%20lts.jpg, Metodo GET
[2022-10-18T21:32:37.675] [WARN] warnArchive - Estado: 404, Ruta consultada: /favicon.ico, Metodo GET
[2022-10-18T21:32:58.291] [WARN] warnArchive - Estado: 404, Ruta consultada: /avatar/public/avatar/1661719606018-givi%20trekker%20dolomiti%2036%20lts.jpg, Metodo GET
[2022-10-18T21:32:58.400] [WARN] warnArchive - Estado: 404, Ruta consultada: /favicon.ico, Metodo GET
[2022-10-18T21:33:12.727] [WARN] warnArchive - Estado: 404, Ruta consultada: /avatar/public/avatar/1661719606018-givi%20trekker%20dolomiti%2036%20lts.jpg, Metodo GET
[2022-10-18T21:33:12.828] [WARN] warnArchive - Estado: 404, Ruta consultada: /favicon.ico, Metodo GET
[2022-10-18T21:33:24.731] [WARN] warnArchive - Estado: 404, Ruta consultada: /avatar/public/avatar/1661719606018-givi%20trekker%20dolomiti%2036%20lts.jpg, Metodo GET
[2022-10-18T21:33:24.838] [WARN] warnArchive - Estado: 404, Ruta consultada: /favicon.ico, Metodo GET
[2022-10-18T21:33:30.899] [WARN] warnArchive - Estado: 404, Ruta consultada: /avatar/public/avatar/1661719606018-givi%20trekker%20dolomiti%2036%20lts.jpg, Metodo GET
[2022-10-18T21:33:31.002] [WARN] warnArchive - Estado: 404, Ruta consultada: /favicon.ico, Metodo GET
[2022-10-18T21:34:21.936] [WARN] warnArchive - Estado: 404, Ruta consultada: /favicon.ico, Metodo GET
[2022-10-18T21:34:23.864] [WARN] warnArchive - Estado: 404, Ruta consultada: /favicon.ico, Metodo GET
[2022-10-18T21:34:25.607] [WARN] warnArchive - Estado: 404, Ruta consultada: /favicon.ico, Metodo GET
[2022-10-18T21:34:26.793] [WARN] warnArchive - Estado: 404, Ruta consultada: /favicon.ico, Metodo GET
[2022-10-18T21:34:29.553] [WARN] warnArchive - Estado: 404, Ruta consultada: /favicon.ico, Metodo GET
[2022-10-18T21:35:02.949] [WARN] warnArchive - Estado: 404, Ruta consultada: /favicon.ico, Metodo GET
[2022-10-18T21:38:42.381] [WARN] warnArchive - Estado: 404, Ruta consultada: /favicon.ico, Metodo GET
[2022-10-18T21:39:02.739] [WARN] warnArchive - Estado: 404, Ruta consultada: /favicon.ico, Metodo GET
[2022-10-18T21:39:53.992] [WARN] warnArchive - Estado: 404, Ruta consultada: /favicon.ico, Metodo GET
[2022-10-18T21:39:56.469] [WARN] warnArchive - Estado: 404, Ruta consultada: /favicon.ico, Metodo GET
[2022-10-18T21:39:58.119] [WARN] warnArchive - Estado: 404, Ruta consultada: /favicon.ico, Metodo GET
[2022-10-18T21:39:59.783] [WARN] warnArchive - Estado: 404, Ruta consultada: /favicon.ico, Metodo GET
[2022-10-18T21:40:02.649] [WARN] warnArchive - Estado: 404, Ruta consultada: /favicon.ico, Metodo GET
[2022-10-18T21:40:04.802] [WARN] warnArchive - Estado: 404, Ruta consultada: /favicon.ico, Metodo GET
[2022-10-18T21:40:13.105] [WARN] warnArchive - Estado: 404, Ruta consultada: /favicon.ico, Metodo GET
